2022-11-01 19:39:48.741 | INFO     | __main__:train_pipeline_command:35 - Запустили код с параметрами: model_path :configs/models.yaml cfg_path:configs/CatBoostConfig.yaml name_of_model CatBoostClassifier 
2022-11-01 19:39:48.756 | INFO     | ml_project.classes.Preprocess:__init__:38 - Данные из датасета    age  sex  cp  trestbps  chol  fbs  restecg  thalach  exang  oldpeak  slope  ca  thal  condition
0   69    1   0       160   234    1        2      131      0      0.1      1   1     0          0
1   69    0   0       140   239    0        0      151      0      1.8      0   2     0          0
2   66    0   0       150   226    0        0      114      0      2.6      2   0     0          0
3   65    1   0       138   282    1        2      174      0      1.4      1   1     0          1
4   64    1   0       110   211    0        2      144      1      1.8      1   0     0          0
2022-11-01 19:39:48.758 | INFO     | ml_project.classes.Preprocess:__init__:43 - целевая переменная [0 1]
2022-11-01 19:39:48.758 | INFO     | ml_project.classes.Preprocess:__init__:46 - кол-во столбцов после дропа трейна :13
2022-11-01 19:39:48.759 | INFO     | ml_project.classes.Preprocess:__init__:48 - кол-во столбцов после дропа теста :13
2022-11-01 19:39:48.766 | INFO     | ml_project.classes.Transform:__init__:47 - Данные до преобразования      age  sex  cp  trestbps  chol  fbs  restecg  thalach  exang  oldpeak  slope  ca  thal
43    54    1   1       108   309    0        0      156      0      0.0      0   0     2
98    58    1   2       112   230    0        2      165      0      2.5      1   1     2
255   52    1   3       128   255    0        0      161      1      0.0      0   1     2
24    71    0   1       160   302    0        0      162      0      0.4      0   2     0
220   58    1   3       150   270    0        2      111      1      0.8      0   0     2
2022-11-01 19:39:48.771 | INFO     | ml_project.classes.Transform:__init__:50 - Данные после преобразования [[-0.03318211  0.69372185 -1.25573945 ... -0.9964785  -0.72415243
   1.18191338]
 [ 0.42271127  0.69372185 -0.21514417 ...  0.61008888  0.34849836
   1.18191338]
 [-0.2611288   0.69372185  0.8254511  ... -0.9964785   0.34849836
   1.18191338]
 ...
 [-0.71702218  0.69372185 -0.21514417 ... -0.9964785   1.42114914
  -0.90848566]
 [-0.03318211  0.69372185  0.8254511  ... -0.9964785  -0.72415243
  -0.90848566]
 [-1.74278228 -1.44149994 -0.21514417 ... -0.9964785  -0.72415243
  -0.90848566]]
2022-11-01 19:39:48.863 | INFO     | ml_project.classes.Train:__init__:69 - Обучили модель
2022-11-01 19:39:48.864 | INFO     | ml_project.classes.Train:__init__:71 - Сделали пайплайн
2022-11-01 19:41:26.555 | INFO     | __main__:train_pipeline_command:35 - Запустили код с параметрами: model_path :configs/models.yaml cfg_path:configs/CatBoostConfig.yaml name_of_model CatBoostClassifier 
2022-11-01 19:41:26.569 | INFO     | ml_project.classes.Preprocess:__init__:38 - Данные из датасета    age  sex  cp  trestbps  chol  fbs  restecg  thalach  exang  oldpeak  slope  ca  thal  condition
0   69    1   0       160   234    1        2      131      0      0.1      1   1     0          0
1   69    0   0       140   239    0        0      151      0      1.8      0   2     0          0
2   66    0   0       150   226    0        0      114      0      2.6      2   0     0          0
3   65    1   0       138   282    1        2      174      0      1.4      1   1     0          1
4   64    1   0       110   211    0        2      144      1      1.8      1   0     0          0
2022-11-01 19:41:26.571 | INFO     | ml_project.classes.Preprocess:__init__:43 - целевая переменная [0 1]
2022-11-01 19:41:26.571 | INFO     | ml_project.classes.Preprocess:__init__:46 - кол-во столбцов после дропа трейна :13
2022-11-01 19:41:26.572 | INFO     | ml_project.classes.Preprocess:__init__:48 - кол-во столбцов после дропа теста :13
2022-11-01 19:41:26.579 | INFO     | ml_project.classes.Transform:__init__:47 - Данные до преобразования      age  sex  cp  trestbps  chol  fbs  restecg  thalach  exang  oldpeak  slope  ca  thal
43    54    1   1       108   309    0        0      156      0      0.0      0   0     2
98    58    1   2       112   230    0        2      165      0      2.5      1   1     2
255   52    1   3       128   255    0        0      161      1      0.0      0   1     2
24    71    0   1       160   302    0        0      162      0      0.4      0   2     0
220   58    1   3       150   270    0        2      111      1      0.8      0   0     2
2022-11-01 19:41:26.584 | INFO     | ml_project.classes.Transform:__init__:50 - Данные после преобразования [[-0.03318211  0.69372185 -1.25573945 ... -0.9964785  -0.72415243
   1.18191338]
 [ 0.42271127  0.69372185 -0.21514417 ...  0.61008888  0.34849836
   1.18191338]
 [-0.2611288   0.69372185  0.8254511  ... -0.9964785   0.34849836
   1.18191338]
 ...
 [-0.71702218  0.69372185 -0.21514417 ... -0.9964785   1.42114914
  -0.90848566]
 [-0.03318211  0.69372185  0.8254511  ... -0.9964785  -0.72415243
  -0.90848566]
 [-1.74278228 -1.44149994 -0.21514417 ... -0.9964785  -0.72415243
  -0.90848566]]
2022-11-01 19:41:26.682 | INFO     | ml_project.classes.Train:__init__:69 - Обучили модель
2022-11-01 19:41:26.683 | INFO     | ml_project.classes.Train:__init__:71 - Сделали пайплайн
2022-11-01 19:41:44.051 | INFO     | __main__:train_pipeline_command:35 - Запустили код с параметрами: model_path :configs/models.yaml cfg_path:configs/CatBoostConfig.yaml name_of_model CatBoostClassifier 
2022-11-01 19:41:44.065 | INFO     | ml_project.classes.Preprocess:__init__:38 - Данные из датасета    age  sex  cp  trestbps  chol  fbs  restecg  thalach  exang  oldpeak  slope  ca  thal  condition
0   69    1   0       160   234    1        2      131      0      0.1      1   1     0          0
1   69    0   0       140   239    0        0      151      0      1.8      0   2     0          0
2   66    0   0       150   226    0        0      114      0      2.6      2   0     0          0
3   65    1   0       138   282    1        2      174      0      1.4      1   1     0          1
4   64    1   0       110   211    0        2      144      1      1.8      1   0     0          0
2022-11-01 19:41:44.067 | INFO     | ml_project.classes.Preprocess:__init__:43 - целевая переменная [0 1]
2022-11-01 19:41:44.067 | INFO     | ml_project.classes.Preprocess:__init__:46 - кол-во столбцов после дропа трейна :13
2022-11-01 19:41:44.068 | INFO     | ml_project.classes.Preprocess:__init__:48 - кол-во столбцов после дропа теста :13
2022-11-01 19:41:44.075 | INFO     | ml_project.classes.Transform:__init__:47 - Данные до преобразования      age  sex  cp  trestbps  chol  fbs  restecg  thalach  exang  oldpeak  slope  ca  thal
43    54    1   1       108   309    0        0      156      0      0.0      0   0     2
98    58    1   2       112   230    0        2      165      0      2.5      1   1     2
255   52    1   3       128   255    0        0      161      1      0.0      0   1     2
24    71    0   1       160   302    0        0      162      0      0.4      0   2     0
220   58    1   3       150   270    0        2      111      1      0.8      0   0     2
2022-11-01 19:41:44.080 | INFO     | ml_project.classes.Transform:__init__:50 - Данные после преобразования [[-0.03318211  0.69372185 -1.25573945 ... -0.9964785  -0.72415243
   1.18191338]
 [ 0.42271127  0.69372185 -0.21514417 ...  0.61008888  0.34849836
   1.18191338]
 [-0.2611288   0.69372185  0.8254511  ... -0.9964785   0.34849836
   1.18191338]
 ...
 [-0.71702218  0.69372185 -0.21514417 ... -0.9964785   1.42114914
  -0.90848566]
 [-0.03318211  0.69372185  0.8254511  ... -0.9964785  -0.72415243
  -0.90848566]
 [-1.74278228 -1.44149994 -0.21514417 ... -0.9964785  -0.72415243
  -0.90848566]]
2022-11-01 19:41:44.191 | INFO     | ml_project.classes.Train:__init__:69 - Обучили модель
2022-11-01 19:41:44.192 | INFO     | ml_project.classes.Train:__init__:71 - Сделали пайплайн
2022-11-01 19:41:44.196 | INFO     | ml_project.classes.Train:__init__:76 - Метрики :{'Accuracy': 0.7833333333333333, 'Precision': 0.7083333333333334, 'Recall': 0.7391304347826086, 'F1 Score': 0.723404255319149}
2022-11-01 19:41:44.196 | INFO     | ml_project.classes.Exporting:__init__:25 - Записали метрики в файл  
2022-11-01 19:41:44.197 | INFO     | ml_project.classes.Exporting:__init__:31 - Сериализовали модельку в банку 
2022-11-01 19:41:44.197 | INFO     | ml_project.classes.Exporting:__init__:33 - Путь до модельки :models/CatBoostClassifier/model.pkl
2022-11-01 19:42:14.105 | INFO     | __main__:train_pipeline_command:35 - Запустили код с параметрами: model_path :configs/models.yaml cfg_path:configs/CatBoostConfig.yaml name_of_model CatBoostClassifier 
2022-11-01 19:42:14.119 | INFO     | ml_project.classes.Preprocess:__init__:38 - Данные из датасета    age  sex  cp  trestbps  chol  fbs  restecg  thalach  exang  oldpeak  slope  ca  thal  condition
0   69    1   0       160   234    1        2      131      0      0.1      1   1     0          0
1   69    0   0       140   239    0        0      151      0      1.8      0   2     0          0
2   66    0   0       150   226    0        0      114      0      2.6      2   0     0          0
3   65    1   0       138   282    1        2      174      0      1.4      1   1     0          1
4   64    1   0       110   211    0        2      144      1      1.8      1   0     0          0
2022-11-01 19:42:14.121 | INFO     | ml_project.classes.Preprocess:__init__:43 - целевая переменная [0 1]
2022-11-01 19:42:14.121 | INFO     | ml_project.classes.Preprocess:__init__:46 - кол-во столбцов после дропа трейна :13
2022-11-01 19:42:14.122 | INFO     | ml_project.classes.Preprocess:__init__:48 - кол-во столбцов после дропа теста :13
2022-11-01 19:42:14.129 | INFO     | ml_project.classes.Transform:__init__:47 - Данные до преобразования      age  sex  cp  trestbps  chol  fbs  restecg  thalach  exang  oldpeak  slope  ca  thal
43    54    1   1       108   309    0        0      156      0      0.0      0   0     2
98    58    1   2       112   230    0        2      165      0      2.5      1   1     2
255   52    1   3       128   255    0        0      161      1      0.0      0   1     2
24    71    0   1       160   302    0        0      162      0      0.4      0   2     0
220   58    1   3       150   270    0        2      111      1      0.8      0   0     2
2022-11-01 19:42:14.134 | INFO     | ml_project.classes.Transform:__init__:50 - Данные после преобразования [[-0.03318211  0.69372185 -1.25573945 ... -0.9964785  -0.72415243
   1.18191338]
 [ 0.42271127  0.69372185 -0.21514417 ...  0.61008888  0.34849836
   1.18191338]
 [-0.2611288   0.69372185  0.8254511  ... -0.9964785   0.34849836
   1.18191338]
 ...
 [-0.71702218  0.69372185 -0.21514417 ... -0.9964785   1.42114914
  -0.90848566]
 [-0.03318211  0.69372185  0.8254511  ... -0.9964785  -0.72415243
  -0.90848566]
 [-1.74278228 -1.44149994 -0.21514417 ... -0.9964785  -0.72415243
  -0.90848566]]
2022-11-01 19:42:14.243 | INFO     | ml_project.classes.Train:__init__:69 - Обучили модель
2022-11-01 19:42:14.244 | INFO     | ml_project.classes.Train:__init__:71 - Сделали пайплайн
2022-11-01 19:42:14.269 | INFO     | ml_project.classes.Train:__init__:73 - Реальные метки :     age  sex  cp  trestbps  chol  fbs  restecg  thalach  exang  oldpeak  slope  ca  thal
84    65    0   2       155   269    0        0      148      0      0.8      0   0     0
31    58    1   1       120   284    0        2      160      0      1.8      1   0     0
38    56    1   1       120   236    0        0      178      0      0.8      0   0     0
25    70    1   1       156   245    0        2      143      0      0.0      0   0     0
260   51    1   3       140   298    0        0      122      1      4.2      1   3     2
73    71    0   2       110   265    1        2      130      0      0.0      0   1     0
103   57    1   2       128   229    0        2      150      0      0.4      1   1     2
163   67    1   3       100   299    0        2      125      1      0.9      1   2     0
175   64    1   3       145   212    0        2      132      0      2.0      1   2     1
294   35    1   3       120   198    0        0      130      1      1.6      1   0     2
207   59    1   3       135   234    0        0      161      0      0.5      1   0     2
139   44    1   2       130   233    0        0      179      1      0.4      0   0     0
179   63    1   3       130   254    0        2      147      0      1.4      1   1     2
16    52    1   0       152   298    1        0      178      0      1.2      1   0     2
101   58    0   2       120   340    0        0      172      0      0.0      0   0     0
126   50    1   2       140   233    0        0      163      0      0.6      1   1     2
74    70    1   2       160   269    0        0      112      1      2.9      1   1     2
197   61    1   3       148   203    0        0      161      0      0.0      0   1     2
212   59    1   3       138   271    0        2      182      0      0.0      0   0     0
78    68    1   2       118   277    0        0      151      0      1.0      0   1     2
83    65    0   2       140   417    1        2      157      0      0.8      0   1     0
280   44    1   3       112   290    0        2      153      0      0.0      0   1     0
67    41    0   1       126   306    0        0      163      0      0.0      0   0     0
186   62    0   3       160   164    0        2      145      0      6.2      2   3     2
5     64    1   0       170   227    0        2      155      0      0.6      1   0     2
190   62    0   3       150   244    0        0      154      1      1.4      1   0     0
127   50    1   2       129   196    0        0      163      0      0.0      0   0     0
151   39    1   2       140   321    0        2      182      0      0.0      0   0     0
155   77    1   3       125   304    0        2      162      1      0.0      0   3     0
261   51    1   3       140   261    0        2      186      1      0.0      0   0     0
122   51    0   2       130   256    0        2      149      0      0.5      0   0     0
64    41    0   1       130   204    0        2      172      0      1.4      0   0     0
46    52    1   1       120   325    0        0      172      0      0.2      0   0     0
291   40    1   3       110   167    0        2      114      1      2.0      1   0     2
250   53    1   3       140   203    1        2      155      1      3.1      2   0     2
247   54    1   3       110   206    0        2      108      1      0.0      1   1     0
170   65    0   3       150   225    0        2      114      0      1.0      1   3     2
281   44    1   3       110   197    0        2      177      0      0.0      0   1     0
82    66    0   2       146   278    0        2      152      0      0.0      1   1     0
77    68    0   2       120   211    0        2      115      0      1.5      1   0     0
6     63    1   0       145   233    1        2      150      0      2.3      2   0     1
115   53    1   2       130   246    1        2      173      0      0.0      0   3     0
61    44    1   1       120   220    0        0      170      0      0.0      0   0     0
132   47    1   2       138   257    0        2      156      0      0.0      0   0     0
66    41    1   1       110   235    0        0      153      0      0.0      0   0     0
58    45    1   1       128   308    0        2      170      0      0.0      0   0     0
79    67    0   2       115   564    0        2      160      0      1.6      1   0     2
37    56    0   1       140   294    0        2      153      0      1.3      1   0     0
3     65    1   0       138   282    1        2      174      0      1.4      1   1     0
198   60    1   3       130   206    0        2      132      1      2.4      1   2     2
205   60    0   3       158   305    0        2      161      0      0.0      0   0     0
14    56    1   0       120   193    0        2      162      0      1.9      1   0     2
143   43    1   2       130   315    0        0      162      0      1.9      0   1     0
65    41    0   1       105   198    0        0      168      0      0.0      0   1     0
118   51    1   2       100   222    0        0      143      1      1.2      1   0     0
128   49    1   2       120   188    0        0      139      0      2.0      1   3     2
265   50    0   3       110   254    0        2      159      0      0.0      0   0     0
50    49    0   1       134   271    0        0      162      0      0.0      1   0     0
23    74    0   1       120   269    0        2      121      1      0.2      0   1     0
123   51    1   2        94   227    0        0      154      1      0.0      0   1     2
2022-11-01 19:42:14.270 | INFO     | ml_project.classes.Train:__init__:74 - Предсказания :[0 0 0 0 1 0 1 1 1 1 1 0 1 1 0 1 1 1 0 1 0 0 0 1 1 0 0 0 1 0 0 0 0 1 1 1 1
 0 0 0 0 0 0 0 0 0 1 0 0 1 0 1 0 0 0 1 0 0 0 1]
2022-11-01 19:42:14.275 | INFO     | ml_project.classes.Train:__init__:76 - Метрики :{'Accuracy': 0.7833333333333333, 'Precision': 0.7083333333333334, 'Recall': 0.7391304347826086, 'F1 Score': 0.723404255319149}
2022-11-01 19:42:14.276 | INFO     | ml_project.classes.Exporting:__init__:25 - Записали метрики в файл  
2022-11-01 19:42:14.277 | INFO     | ml_project.classes.Exporting:__init__:31 - Сериализовали модельку в банку 
2022-11-01 19:42:14.278 | INFO     | ml_project.classes.Exporting:__init__:33 - Путь до модельки :models/CatBoostClassifier/model.pkl
2022-11-01 19:43:44.995 | INFO     | __main__:train_pipeline_command:35 - Запустили код с параметрами: model_path :configs/models.yaml cfg_path:configs/CatBoostConfig.yaml name_of_model CatBoostClassifier 
2022-11-01 19:43:45.010 | INFO     | ml_project.classes.Preprocess:__init__:38 - Данные из датасета    age  sex  cp  trestbps  chol  fbs  restecg  thalach  exang  oldpeak  slope  ca  thal  condition
0   69    1   0       160   234    1        2      131      0      0.1      1   1     0          0
1   69    0   0       140   239    0        0      151      0      1.8      0   2     0          0
2   66    0   0       150   226    0        0      114      0      2.6      2   0     0          0
3   65    1   0       138   282    1        2      174      0      1.4      1   1     0          1
4   64    1   0       110   211    0        2      144      1      1.8      1   0     0          0
2022-11-01 19:43:45.011 | INFO     | ml_project.classes.Preprocess:__init__:43 - целевая переменная [0 1]
2022-11-01 19:43:45.011 | INFO     | ml_project.classes.Preprocess:__init__:46 - кол-во столбцов после дропа трейна :13
2022-11-01 19:43:45.012 | INFO     | ml_project.classes.Preprocess:__init__:48 - кол-во столбцов после дропа теста :13
2022-11-01 19:43:45.018 | INFO     | ml_project.classes.Transform:__init__:47 - Данные до преобразования      age  sex  cp  trestbps  chol  fbs  restecg  thalach  exang  oldpeak  slope  ca  thal
43    54    1   1       108   309    0        0      156      0      0.0      0   0     2
98    58    1   2       112   230    0        2      165      0      2.5      1   1     2
255   52    1   3       128   255    0        0      161      1      0.0      0   1     2
24    71    0   1       160   302    0        0      162      0      0.4      0   2     0
220   58    1   3       150   270    0        2      111      1      0.8      0   0     2
2022-11-01 19:43:45.024 | INFO     | ml_project.classes.Transform:__init__:50 - Данные после преобразования [[-0.03318211  0.69372185 -1.25573945 ... -0.9964785  -0.72415243
   1.18191338]
 [ 0.42271127  0.69372185 -0.21514417 ...  0.61008888  0.34849836
   1.18191338]
 [-0.2611288   0.69372185  0.8254511  ... -0.9964785   0.34849836
   1.18191338]
 ...
 [-0.71702218  0.69372185 -0.21514417 ... -0.9964785   1.42114914
  -0.90848566]
 [-0.03318211  0.69372185  0.8254511  ... -0.9964785  -0.72415243
  -0.90848566]
 [-1.74278228 -1.44149994 -0.21514417 ... -0.9964785  -0.72415243
  -0.90848566]]
2022-11-01 19:43:45.138 | INFO     | ml_project.classes.Train:__init__:69 - Обучили модель
2022-11-01 19:43:45.138 | INFO     | ml_project.classes.Train:__init__:71 - Сделали пайплайн
2022-11-01 19:43:45.144 | INFO     | ml_project.classes.Train:__init__:73 - Реальные метки :84     0
31     1
38     0
25     0
260    1
73     0
103    1
163    1
175    1
294    1
207    0
139    0
179    1
16     0
101    0
126    1
74     1
197    1
212    0
78     0
83     0
280    1
67     0
186    1
5      0
190    1
127    0
151    0
155    1
261    0
122    0
64     0
46     0
291    1
250    1
247    1
170    1
281    1
82     0
77     0
6      0
115    0
61     0
132    0
66     0
58     0
79     0
37     0
3      1
198    1
205    1
14     0
143    0
65     0
118    0
128    1
265    0
50     0
23     0
123    0
Name: condition, dtype: int64
2022-11-01 19:43:45.145 | INFO     | ml_project.classes.Train:__init__:74 - Предсказания :[0 0 0 0 1 0 1 1 1 1 1 0 1 1 0 1 1 1 0 1 0 0 0 1 1 0 0 0 1 0 0 0 0 1 1 1 1
 0 0 0 0 0 0 0 0 0 1 0 0 1 0 1 0 0 0 1 0 0 0 1]
2022-11-01 19:43:45.149 | INFO     | ml_project.classes.Train:__init__:76 - Метрики :{'Accuracy': 0.7833333333333333, 'Precision': 0.7083333333333334, 'Recall': 0.7391304347826086, 'F1 Score': 0.723404255319149}
2022-11-01 19:43:45.150 | INFO     | ml_project.classes.Exporting:__init__:25 - Записали метрики в файл  
2022-11-01 19:43:45.151 | INFO     | ml_project.classes.Exporting:__init__:31 - Сериализовали модельку в банку 
2022-11-01 19:43:45.152 | INFO     | ml_project.classes.Exporting:__init__:33 - Путь до модельки :models/CatBoostClassifier/model.pkl
2022-11-01 19:45:55.145 | INFO     | __main__:train_pipeline_command:35 - Запустили код с параметрами: model_path :configs/models.yaml cfg_path:configs/CatBoostConfig.yaml name_of_model CatBoostClassifier 
2022-11-01 19:45:55.165 | INFO     | ml_project.classes.Preprocess:__init__:38 - Данные из датасета    age  sex  cp  trestbps  chol  fbs  restecg  thalach  exang  oldpeak  slope  ca  thal  condition
0   69    1   0       160   234    1        2      131      0      0.1      1   1     0          0
1   69    0   0       140   239    0        0      151      0      1.8      0   2     0          0
2   66    0   0       150   226    0        0      114      0      2.6      2   0     0          0
3   65    1   0       138   282    1        2      174      0      1.4      1   1     0          1
4   64    1   0       110   211    0        2      144      1      1.8      1   0     0          0
2022-11-01 19:45:55.167 | INFO     | ml_project.classes.Preprocess:__init__:43 - целевая переменная [0 1]
2022-11-01 19:45:55.168 | INFO     | ml_project.classes.Preprocess:__init__:46 - кол-во столбцов после дропа трейна :13
2022-11-01 19:45:55.168 | INFO     | ml_project.classes.Preprocess:__init__:48 - кол-во столбцов после дропа теста :13
2022-11-01 19:45:55.177 | INFO     | ml_project.classes.Transform:__init__:47 - Данные до преобразования      age  sex  cp  trestbps  chol  fbs  restecg  thalach  exang  oldpeak  slope  ca  thal
43    54    1   1       108   309    0        0      156      0      0.0      0   0     2
98    58    1   2       112   230    0        2      165      0      2.5      1   1     2
255   52    1   3       128   255    0        0      161      1      0.0      0   1     2
24    71    0   1       160   302    0        0      162      0      0.4      0   2     0
220   58    1   3       150   270    0        2      111      1      0.8      0   0     2
2022-11-01 19:45:55.184 | INFO     | ml_project.classes.Transform:__init__:50 - Данные после преобразования [[-0.03318211  0.69372185 -1.25573945 ... -0.9964785  -0.72415243
   1.18191338]
 [ 0.42271127  0.69372185 -0.21514417 ...  0.61008888  0.34849836
   1.18191338]
 [-0.2611288   0.69372185  0.8254511  ... -0.9964785   0.34849836
   1.18191338]
 ...
 [-0.71702218  0.69372185 -0.21514417 ... -0.9964785   1.42114914
  -0.90848566]
 [-0.03318211  0.69372185  0.8254511  ... -0.9964785  -0.72415243
  -0.90848566]
 [-1.74278228 -1.44149994 -0.21514417 ... -0.9964785  -0.72415243
  -0.90848566]]
2022-11-01 19:45:55.370 | INFO     | ml_project.classes.Train:__init__:69 - Обучили модель
2022-11-01 19:45:55.371 | INFO     | ml_project.classes.Train:__init__:71 - Сделали пайплайн
2022-11-01 19:45:55.415 | INFO     | ml_project.classes.Train:__init__:73 - Реальные метки :[0 1 0 0 1 0 1 1 1 1 0 0 1 0 0 1 1 1 0 0 0 1 0 1 0 1 0 0 1 0 0 0 0 1 1 1 1
 1 0 0 0 0 0 0 0 0 0 0 1 1 1 0 0 0 0 1 0 0 0 0]
2022-11-01 19:45:55.415 | INFO     | ml_project.classes.Train:__init__:74 - Предсказания :[0 0 0 0 1 0 1 1 1 1 1 0 1 1 0 1 1 1 0 1 0 0 0 1 1 0 0 0 1 0 0 0 0 1 1 1 1
 0 0 0 0 0 0 0 0 0 1 0 0 1 0 1 0 0 0 1 0 0 0 1]
2022-11-01 19:45:55.418 | INFO     | ml_project.classes.Train:__init__:76 - Метрики :{'Accuracy': 0.7833333333333333, 'Precision': 0.7083333333333334, 'Recall': 0.7391304347826086, 'F1 Score': 0.723404255319149}
2022-11-01 19:45:55.419 | INFO     | ml_project.classes.Exporting:__init__:25 - Записали метрики в файл  
2022-11-01 19:45:55.419 | INFO     | ml_project.classes.Exporting:__init__:31 - Сериализовали модельку в банку 
2022-11-01 19:45:55.420 | INFO     | ml_project.classes.Exporting:__init__:33 - Путь до модельки :models/CatBoostClassifier/model.pkl
2022-11-01 19:46:52.345 | INFO     | __main__:train_pipeline_command:35 - Запустили код с параметрами: model_path :configs/models.yaml cfg_path:configs/DecisionTreeConfig.yaml name_of_model DecisionTreeClassifier 
2022-11-01 19:46:52.359 | INFO     | ml_project.classes.Preprocess:__init__:38 - Данные из датасета    age  sex  cp  trestbps  chol  fbs  restecg  thalach  exang  oldpeak  slope  ca  thal  condition
0   69    1   0       160   234    1        2      131      0      0.1      1   1     0          0
1   69    0   0       140   239    0        0      151      0      1.8      0   2     0          0
2   66    0   0       150   226    0        0      114      0      2.6      2   0     0          0
3   65    1   0       138   282    1        2      174      0      1.4      1   1     0          1
4   64    1   0       110   211    0        2      144      1      1.8      1   0     0          0
2022-11-01 19:46:52.361 | INFO     | ml_project.classes.Preprocess:__init__:43 - целевая переменная [1 0]
2022-11-01 19:46:52.361 | INFO     | ml_project.classes.Preprocess:__init__:46 - кол-во столбцов после дропа трейна :13
2022-11-01 19:46:52.362 | INFO     | ml_project.classes.Preprocess:__init__:48 - кол-во столбцов после дропа теста :13
2022-11-01 19:46:52.369 | INFO     | ml_project.classes.Transform:__init__:47 - Данные до преобразования      age  sex  cp  trestbps  chol  fbs  restecg  thalach  exang  oldpeak  slope  ca  thal
19    42    1   0       148   244    0        2      178      0      0.8      0   2     0
258   52    1   3       125   212    0        0      168      0      1.0      0   2     2
82    66    0   2       146   278    0        2      152      0      0.0      1   1     0
66    41    1   1       110   235    0        0      153      0      0.0      0   0     0
203   60    1   3       117   230    1        0      160      1      1.4      0   2     2
2022-11-01 19:46:52.374 | INFO     | ml_project.classes.Transform:__init__:50 - Данные после преобразования [[-1.51449071  0.73029674 -2.30250178 ... -1.03321762  1.38807398
  -0.87339097]
 [-0.35851882  0.73029674  0.83314209 ... -1.03321762  1.38807398
   1.2046772 ]
 [ 1.25984183 -1.36930639 -0.21207253 ...  0.56287228  0.31992783
  -0.87339097]
 ...
 [ 0.68185588  0.73029674  0.83314209 ... -1.03321762  0.31992783
   1.2046772 ]
 [ 1.02864745  0.73029674  0.83314209 ...  2.15896219  0.31992783
  -0.87339097]
 [-0.47411601 -1.36930639 -0.21207253 ... -1.03321762 -0.74821832
  -0.87339097]]
2022-11-01 19:46:52.376 | INFO     | ml_project.classes.Train:__init__:69 - Обучили модель
2022-11-01 19:46:52.376 | INFO     | ml_project.classes.Train:__init__:71 - Сделали пайплайн
2022-11-01 19:46:52.378 | INFO     | ml_project.classes.Train:__init__:73 - Реальные метки :[1 0 0 0 0 1 1 0 1 1 0 0 0 0 1 0 1 0 0 0 1 1 0 1 0 0 1 1 0 0 0 1 0 1 1 0 0
 0 1 1 0 1 1 0 0 0 1 1 0 1 1 1 1 1 0 0 1 0 0 0 0 0 1 0 0 1 0 1 1 0 0 0 1 0
 0 1 0 1 1 0 0 1 1 1 0 1 0 0 0 0]
2022-11-01 19:46:52.379 | INFO     | ml_project.classes.Train:__init__:74 - Предсказания :[1 0 0 1 0 0 1 0 1 1 0 0 0 1 1 0 1 1 0 0 1 1 0 0 0 0 1 1 0 0 0 1 0 1 1 0 1
 0 1 1 0 1 0 1 0 0 1 1 1 1 0 1 0 0 0 1 1 0 0 0 0 0 1 0 0 0 0 1 0 0 0 1 1 0
 0 0 0 1 1 1 0 1 0 1 0 0 0 0 0 0]
2022-11-01 19:46:52.381 | INFO     | ml_project.classes.Train:__init__:76 - Метрики :{'Accuracy': 0.7777777777777778, 'Precision': 0.7567567567567568, 'Recall': 0.717948717948718, 'F1 Score': 0.736842105263158}
2022-11-01 19:46:52.381 | INFO     | ml_project.classes.Exporting:__init__:25 - Записали метрики в файл  
2022-11-01 19:46:52.382 | INFO     | ml_project.classes.Exporting:__init__:31 - Сериализовали модельку в банку 
2022-11-01 19:46:52.382 | INFO     | ml_project.classes.Exporting:__init__:33 - Путь до модельки :models/DecisionTreeClassifier/model.pkl
2022-11-01 22:24:09.325 | INFO     | __main__:train_pipeline_command:34 - Запустили код с параметрами: model_path :configs/models.yaml cfg_path:configs/DecisionTreeConfig.yaml name_of_model DecisionTreeClassifier 
2022-11-01 22:24:09.342 | INFO     | ml_project.classes.Preprocess:__init__:38 - Данные из датасета    age  sex  cp  trestbps  chol  fbs  restecg  thalach  exang  oldpeak  slope  ca  thal  condition
0   69    1   0       160   234    1        2      131      0      0.1      1   1     0          0
1   69    0   0       140   239    0        0      151      0      1.8      0   2     0          0
2   66    0   0       150   226    0        0      114      0      2.6      2   0     0          0
3   65    1   0       138   282    1        2      174      0      1.4      1   1     0          1
4   64    1   0       110   211    0        2      144      1      1.8      1   0     0          0
2022-11-01 22:24:09.344 | INFO     | ml_project.classes.Preprocess:__init__:43 - целевая переменная [1 0]
2022-11-01 22:24:09.345 | INFO     | ml_project.classes.Preprocess:__init__:46 - кол-во столбцов после дропа трейна :13
2022-11-01 22:24:09.346 | INFO     | ml_project.classes.Preprocess:__init__:48 - кол-во столбцов после дропа теста :13
2022-11-01 22:24:09.353 | INFO     | ml_project.classes.Transform:__init__:47 - Данные до преобразования      age  sex  cp  trestbps  chol  fbs  restecg  thalach  exang  oldpeak  slope  ca  thal
19    42    1   0       148   244    0        2      178      0      0.8      0   2     0
258   52    1   3       125   212    0        0      168      0      1.0      0   2     2
82    66    0   2       146   278    0        2      152      0      0.0      1   1     0
66    41    1   1       110   235    0        0      153      0      0.0      0   0     0
203   60    1   3       117   230    1        0      160      1      1.4      0   2     2
2022-11-01 22:24:09.359 | INFO     | ml_project.classes.Transform:__init__:50 - Данные после преобразования [[-1.51449071  0.73029674 -2.30250178 ... -1.03321762  1.38807398
  -0.87339097]
 [-0.35851882  0.73029674  0.83314209 ... -1.03321762  1.38807398
   1.2046772 ]
 [ 1.25984183 -1.36930639 -0.21207253 ...  0.56287228  0.31992783
  -0.87339097]
 ...
 [ 0.68185588  0.73029674  0.83314209 ... -1.03321762  0.31992783
   1.2046772 ]
 [ 1.02864745  0.73029674  0.83314209 ...  2.15896219  0.31992783
  -0.87339097]
 [-0.47411601 -1.36930639 -0.21207253 ... -1.03321762 -0.74821832
  -0.87339097]]
2022-11-01 22:24:09.360 | INFO     | ml_project.classes.Train:__init__:69 - Обучили модель
2022-11-01 22:24:09.361 | INFO     | ml_project.classes.Train:__init__:71 - Сделали пайплайн
2022-11-01 22:24:09.364 | INFO     | ml_project.classes.Train:__init__:73 - Реальные метки :[1 0 0 0 0 1 1 0 1 1 0 0 0 0 1 0 1 0 0 0 1 1 0 1 0 0 1 1 0 0 0 1 0 1 1 0 0
 0 1 1 0 1 1 0 0 0 1 1 0 1 1 1 1 1 0 0 1 0 0 0 0 0 1 0 0 1 0 1 1 0 0 0 1 0
 0 1 0 1 1 0 0 1 1 1 0 1 0 0 0 0]
2022-11-01 22:24:09.365 | INFO     | ml_project.classes.Train:__init__:74 - Предсказания :[1 0 0 1 0 0 1 0 1 1 0 0 0 1 1 0 1 1 0 0 1 1 0 0 0 0 1 1 0 0 0 1 0 1 1 0 1
 0 1 1 0 1 0 1 0 0 1 1 1 1 0 1 0 0 0 1 1 0 0 0 0 0 1 0 0 0 0 1 0 0 0 1 1 0
 0 0 0 1 1 1 0 1 0 1 0 0 0 0 0 0]
2022-11-01 22:24:09.367 | INFO     | ml_project.classes.Train:__init__:76 - Метрики :{'Accuracy': 0.7777777777777778, 'Precision': 0.7567567567567568, 'Recall': 0.717948717948718, 'F1 Score': 0.736842105263158}
2022-11-01 22:24:09.368 | INFO     | ml_project.classes.Exporting:__init__:25 - Записали метрики в файл  
2022-11-01 22:24:09.368 | INFO     | ml_project.classes.Exporting:__init__:31 - Сериализовали модельку в банку 
2022-11-01 22:24:09.369 | INFO     | ml_project.classes.Exporting:__init__:33 - Путь до модельки :models/DecisionTreeClassifier/model.pkl
2022-11-01 22:30:34.725 | INFO     | ml_project.enities.cfg:read_training_pipeline_params:87 - /home/maxim/Технопарк
2022-11-01 22:31:23.375 | INFO     | ml_project.enities.cfg:read_training_pipeline_params:87 - /home/maxim/Технопарк/MLOps
2022-11-01 22:31:38.338 | INFO     | ml_project.enities.cfg:read_training_pipeline_params:87 - /home/maxim/Технопарк/MLOps/hw1
2022-11-03 11:50:06.922 | INFO     | __main__:train_pipeline_command:34 - Запустили код с параметрами: model_path :configs/models.yaml cfg_path:configs/DecisionTreeConfig.yaml name_of_model DecisionTreeClassifier 
2022-11-03 11:51:56.776 | INFO     | __main__:train_pipeline_command:34 - Запустили код с параметрами: model_path :configs/models.yaml cfg_path:configs/DecisionTreeConfig.yaml name_of_model DecisionTreeClassifier 
2022-11-03 11:56:01.779 | INFO     | __main__:train_pipeline_command:34 - Запустили код с параметрами: model_path :configs/models.yaml cfg_path:configs/DecisionTreeConfig.yaml name_of_model DecisionTreeClassifier 
2022-11-03 11:57:32.514 | INFO     | __main__:train_pipeline_command:34 - Запустили код с параметрами: model_path :configs/models.yaml cfg_path:configs/DecisionTreeConfig.yaml name_of_model DecisionTreeClassifier 
2022-11-03 11:57:50.699 | INFO     | __main__:train_pipeline_command:34 - Запустили код с параметрами: model_path :configs/models.yaml cfg_path:configs/CatBoostConfig.yaml name_of_model CatBoostClassifier 
2022-11-03 12:18:00.090 | INFO     | __main__:train_pipeline_command:34 - Запустили код с параметрами: model_path :configs/models.yaml cfg_path:configs/DecisionTreeConfig.yaml name_of_model DecisionTreeClassifier 
2022-11-03 12:18:00.105 | INFO     | ml_project.classes.Preprocess:__init__:38 - Данные из датасета    age  sex  cp  trestbps  chol  fbs  restecg  thalach  exang  oldpeak  slope  ca  thal  condition
0   69    1   0       160   234    1        2      131      0      0.1      1   1     0          0
1   69    0   0       140   239    0        0      151      0      1.8      0   2     0          0
2   66    0   0       150   226    0        0      114      0      2.6      2   0     0          0
3   65    1   0       138   282    1        2      174      0      1.4      1   1     0          1
4   64    1   0       110   211    0        2      144      1      1.8      1   0     0          0
2022-11-03 12:18:00.106 | INFO     | ml_project.classes.Preprocess:__init__:43 - целевая переменная [1 0]
2022-11-03 12:18:00.107 | INFO     | ml_project.classes.Preprocess:__init__:46 - кол-во столбцов после дропа трейна :13
2022-11-03 12:18:00.108 | INFO     | ml_project.classes.Preprocess:__init__:48 - кол-во столбцов после дропа теста :13
2022-11-03 12:18:00.114 | INFO     | ml_project.classes.Transform:__init__:47 - Данные до преобразования      age  sex  cp  trestbps  chol  fbs  restecg  thalach  exang  oldpeak  slope  ca  thal
19    42    1   0       148   244    0        2      178      0      0.8      0   2     0
258   52    1   3       125   212    0        0      168      0      1.0      0   2     2
82    66    0   2       146   278    0        2      152      0      0.0      1   1     0
66    41    1   1       110   235    0        0      153      0      0.0      0   0     0
203   60    1   3       117   230    1        0      160      1      1.4      0   2     2
2022-11-03 12:18:00.120 | INFO     | ml_project.classes.Transform:__init__:50 - Данные после преобразования [[-1.51449071  0.73029674 -2.30250178 ... -1.03321762  1.38807398
  -0.87339097]
 [-0.35851882  0.73029674  0.83314209 ... -1.03321762  1.38807398
   1.2046772 ]
 [ 1.25984183 -1.36930639 -0.21207253 ...  0.56287228  0.31992783
  -0.87339097]
 ...
 [ 0.68185588  0.73029674  0.83314209 ... -1.03321762  0.31992783
   1.2046772 ]
 [ 1.02864745  0.73029674  0.83314209 ...  2.15896219  0.31992783
  -0.87339097]
 [-0.47411601 -1.36930639 -0.21207253 ... -1.03321762 -0.74821832
  -0.87339097]]
2022-11-03 12:18:00.121 | INFO     | ml_project.classes.Train:__init__:69 - Обучили модель
2022-11-03 12:18:00.122 | INFO     | ml_project.classes.Train:__init__:71 - Сделали пайплайн
2022-11-03 12:18:00.124 | INFO     | ml_project.classes.Train:__init__:73 - Реальные метки :[1 0 0 0 0 1 1 0 1 1 0 0 0 0 1 0 1 0 0 0 1 1 0 1 0 0 1 1 0 0 0 1 0 1 1 0 0
 0 1 1 0 1 1 0 0 0 1 1 0 1 1 1 1 1 0 0 1 0 0 0 0 0 1 0 0 1 0 1 1 0 0 0 1 0
 0 1 0 1 1 0 0 1 1 1 0 1 0 0 0 0]
2022-11-03 12:18:00.124 | INFO     | ml_project.classes.Train:__init__:74 - Предсказания :[1 0 0 1 0 0 1 0 1 1 0 0 0 1 1 0 1 1 0 0 1 1 0 0 0 0 1 1 0 0 0 1 0 1 1 0 1
 0 1 1 0 1 0 1 0 0 1 1 1 1 0 1 0 0 0 1 1 0 0 0 0 0 1 0 0 0 0 1 0 0 0 1 1 0
 0 0 0 1 1 1 0 1 0 1 0 0 0 0 0 0]
2022-11-03 12:18:00.127 | INFO     | ml_project.classes.Train:__init__:76 - Метрики :{'Accuracy': 0.7777777777777778, 'Precision': 0.7567567567567568, 'Recall': 0.717948717948718, 'F1 Score': 0.736842105263158}
2022-11-03 12:18:00.127 | INFO     | ml_project.classes.Exporting:__init__:25 - Записали метрики в файл  
2022-11-03 12:18:00.128 | INFO     | ml_project.classes.Exporting:__init__:31 - Сериализовали модельку в банку 
2022-11-03 12:18:00.128 | INFO     | ml_project.classes.Exporting:__init__:33 - Путь до модельки :models/DecisionTreeClassifier/model.pkl
2022-11-22 17:29:53.342 | INFO     | __main__:train_pipeline_command:34 - Запустили код с параметрами: model_path :configs/models.yaml cfg_path:configs/CatBoostConfig.yaml name_of_model CatBoostClassifier 
2022-11-22 17:29:53.359 | INFO     | ml_project.classes.Preprocess:__init__:38 - Данные из датасета    age  sex  cp  trestbps  chol  fbs  restecg  thalach  exang  oldpeak  slope  ca  thal  condition
0   69    1   0       160   234    1        2      131      0      0.1      1   1     0          0
1   69    0   0       140   239    0        0      151      0      1.8      0   2     0          0
2   66    0   0       150   226    0        0      114      0      2.6      2   0     0          0
3   65    1   0       138   282    1        2      174      0      1.4      1   1     0          1
4   64    1   0       110   211    0        2      144      1      1.8      1   0     0          0
2022-11-22 17:29:53.360 | INFO     | ml_project.classes.Preprocess:__init__:43 - целевая переменная [0 1]
2022-11-22 17:29:53.361 | INFO     | ml_project.classes.Preprocess:__init__:46 - кол-во столбцов после дропа трейна :13
2022-11-22 17:29:53.362 | INFO     | ml_project.classes.Preprocess:__init__:48 - кол-во столбцов после дропа теста :13
2022-11-22 17:29:53.368 | INFO     | ml_project.classes.Transform:__init__:47 - Данные до преобразования      age  sex  cp  trestbps  chol  fbs  restecg  thalach  exang  oldpeak  slope  ca  thal
43    54    1   1       108   309    0        0      156      0      0.0      0   0     2
98    58    1   2       112   230    0        2      165      0      2.5      1   1     2
255   52    1   3       128   255    0        0      161      1      0.0      0   1     2
24    71    0   1       160   302    0        0      162      0      0.4      0   2     0
220   58    1   3       150   270    0        2      111      1      0.8      0   0     2
2022-11-22 17:29:53.374 | INFO     | ml_project.classes.Transform:__init__:50 - Данные после преобразования [[-0.03318211  0.69372185 -1.25573945 ... -0.9964785  -0.72415243
   1.18191338]
 [ 0.42271127  0.69372185 -0.21514417 ...  0.61008888  0.34849836
   1.18191338]
 [-0.2611288   0.69372185  0.8254511  ... -0.9964785   0.34849836
   1.18191338]
 ...
 [-0.71702218  0.69372185 -0.21514417 ... -0.9964785   1.42114914
  -0.90848566]
 [-0.03318211  0.69372185  0.8254511  ... -0.9964785  -0.72415243
  -0.90848566]
 [-1.74278228 -1.44149994 -0.21514417 ... -0.9964785  -0.72415243
  -0.90848566]]
2022-11-22 17:29:53.474 | INFO     | ml_project.classes.Train:__init__:69 - Обучили модель
2022-11-22 17:29:53.475 | INFO     | ml_project.classes.Train:__init__:71 - Сделали пайплайн
2022-11-22 17:29:53.478 | INFO     | ml_project.classes.Train:__init__:73 - Реальные метки :[0 1 0 0 1 0 1 1 1 1 0 0 1 0 0 1 1 1 0 0 0 1 0 1 0 1 0 0 1 0 0 0 0 1 1 1 1
 1 0 0 0 0 0 0 0 0 0 0 1 1 1 0 0 0 0 1 0 0 0 0]
2022-11-22 17:29:53.478 | INFO     | ml_project.classes.Train:__init__:74 - Предсказания :[0 0 0 0 1 0 1 1 1 1 1 0 1 1 0 1 1 1 0 1 0 0 0 1 1 0 0 0 1 0 0 0 0 1 1 1 1
 0 0 0 0 0 0 0 0 0 1 0 0 1 0 1 0 0 0 1 0 0 0 1]
2022-11-22 17:29:53.481 | INFO     | ml_project.classes.Train:__init__:76 - Метрики :{'Accuracy': 0.7833333333333333, 'Precision': 0.7083333333333334, 'Recall': 0.7391304347826086, 'F1 Score': 0.723404255319149}
2022-11-22 17:29:53.481 | INFO     | ml_project.classes.Exporting:__init__:25 - Записали метрики в файл  
2022-11-22 17:29:53.482 | INFO     | ml_project.classes.Exporting:__init__:31 - Сериализовали модельку в банку 
2022-11-22 17:29:53.482 | INFO     | ml_project.classes.Exporting:__init__:33 - Путь до модельки :models/CatBoostClassifier/model.pkl
2022-11-22 17:30:14.685 | INFO     | __main__:train_pipeline_command:34 - Запустили код с параметрами: model_path :configs/models.yaml cfg_path:configs/DecisionTreeConfig.yaml name_of_model DecisionTreeClassifier 
2022-11-22 17:30:14.701 | INFO     | ml_project.classes.Preprocess:__init__:38 - Данные из датасета    age  sex  cp  trestbps  chol  fbs  restecg  thalach  exang  oldpeak  slope  ca  thal  condition
0   69    1   0       160   234    1        2      131      0      0.1      1   1     0          0
1   69    0   0       140   239    0        0      151      0      1.8      0   2     0          0
2   66    0   0       150   226    0        0      114      0      2.6      2   0     0          0
3   65    1   0       138   282    1        2      174      0      1.4      1   1     0          1
4   64    1   0       110   211    0        2      144      1      1.8      1   0     0          0
2022-11-22 17:30:14.702 | INFO     | ml_project.classes.Preprocess:__init__:43 - целевая переменная [1 0]
2022-11-22 17:30:14.703 | INFO     | ml_project.classes.Preprocess:__init__:46 - кол-во столбцов после дропа трейна :13
2022-11-22 17:30:14.703 | INFO     | ml_project.classes.Preprocess:__init__:48 - кол-во столбцов после дропа теста :13
2022-11-22 17:30:14.711 | INFO     | ml_project.classes.Transform:__init__:47 - Данные до преобразования      age  sex  cp  trestbps  chol  fbs  restecg  thalach  exang  oldpeak  slope  ca  thal
19    42    1   0       148   244    0        2      178      0      0.8      0   2     0
258   52    1   3       125   212    0        0      168      0      1.0      0   2     2
82    66    0   2       146   278    0        2      152      0      0.0      1   1     0
66    41    1   1       110   235    0        0      153      0      0.0      0   0     0
203   60    1   3       117   230    1        0      160      1      1.4      0   2     2
2022-11-22 17:30:14.716 | INFO     | ml_project.classes.Transform:__init__:50 - Данные после преобразования [[-1.51449071  0.73029674 -2.30250178 ... -1.03321762  1.38807398
  -0.87339097]
 [-0.35851882  0.73029674  0.83314209 ... -1.03321762  1.38807398
   1.2046772 ]
 [ 1.25984183 -1.36930639 -0.21207253 ...  0.56287228  0.31992783
  -0.87339097]
 ...
 [ 0.68185588  0.73029674  0.83314209 ... -1.03321762  0.31992783
   1.2046772 ]
 [ 1.02864745  0.73029674  0.83314209 ...  2.15896219  0.31992783
  -0.87339097]
 [-0.47411601 -1.36930639 -0.21207253 ... -1.03321762 -0.74821832
  -0.87339097]]
2022-11-22 17:30:14.725 | INFO     | ml_project.classes.Train:__init__:69 - Обучили модель
2022-11-22 17:30:14.726 | INFO     | ml_project.classes.Train:__init__:71 - Сделали пайплайн
2022-11-22 17:30:14.729 | INFO     | ml_project.classes.Train:__init__:73 - Реальные метки :[1 0 0 0 0 1 1 0 1 1 0 0 0 0 1 0 1 0 0 0 1 1 0 1 0 0 1 1 0 0 0 1 0 1 1 0 0
 0 1 1 0 1 1 0 0 0 1 1 0 1 1 1 1 1 0 0 1 0 0 0 0 0 1 0 0 1 0 1 1 0 0 0 1 0
 0 1 0 1 1 0 0 1 1 1 0 1 0 0 0 0]
2022-11-22 17:30:14.729 | INFO     | ml_project.classes.Train:__init__:74 - Предсказания :[1 0 0 1 0 0 1 0 1 1 0 0 0 1 1 0 1 1 0 0 1 1 0 0 0 0 1 1 0 0 0 1 0 1 1 0 1
 0 1 1 0 1 0 1 0 0 1 1 1 1 0 1 0 0 0 1 1 0 0 0 0 0 1 0 0 0 0 1 0 0 0 1 1 0
 0 0 0 1 1 1 0 1 0 1 0 0 0 0 0 0]
2022-11-22 17:30:14.732 | INFO     | ml_project.classes.Train:__init__:76 - Метрики :{'Accuracy': 0.7777777777777778, 'Precision': 0.7567567567567568, 'Recall': 0.717948717948718, 'F1 Score': 0.736842105263158}
2022-11-22 17:30:14.732 | INFO     | ml_project.classes.Exporting:__init__:25 - Записали метрики в файл  
2022-11-22 17:30:14.732 | INFO     | ml_project.classes.Exporting:__init__:31 - Сериализовали модельку в банку 
2022-11-22 17:30:14.733 | INFO     | ml_project.classes.Exporting:__init__:33 - Путь до модельки :models/DecisionTreeClassifier/model.pkl
2022-11-22 18:26:45.423 | INFO     | __main__:train_pipeline_command:34 - Запустили код с параметрами: model_path :configs/models.yaml cfg_path:configs/DecisionTreeConfig.yaml name_of_model DecisionTreeClassifier 
2022-11-22 18:26:45.438 | INFO     | ml_project.classes.Preprocess:__init__:38 - Данные из датасета    age  sex  cp  trestbps  chol  fbs  restecg  thalach  exang  oldpeak  slope  ca  thal  condition
0   69    1   0       160   234    1        2      131      0      0.1      1   1     0          0
1   69    0   0       140   239    0        0      151      0      1.8      0   2     0          0
2   66    0   0       150   226    0        0      114      0      2.6      2   0     0          0
3   65    1   0       138   282    1        2      174      0      1.4      1   1     0          1
4   64    1   0       110   211    0        2      144      1      1.8      1   0     0          0
2022-11-22 18:26:45.439 | INFO     | ml_project.classes.Preprocess:__init__:43 - целевая переменная [1 0]
2022-11-22 18:26:45.440 | INFO     | ml_project.classes.Preprocess:__init__:46 - кол-во столбцов после дропа трейна :13
2022-11-22 18:26:45.441 | INFO     | ml_project.classes.Preprocess:__init__:48 - кол-во столбцов после дропа теста :13
2022-11-22 18:26:45.447 | INFO     | ml_project.classes.Transform:__init__:47 - Данные до преобразования      age  sex  cp  trestbps  chol  fbs  restecg  thalach  exang  oldpeak  slope  ca  thal
19    42    1   0       148   244    0        2      178      0      0.8      0   2     0
258   52    1   3       125   212    0        0      168      0      1.0      0   2     2
82    66    0   2       146   278    0        2      152      0      0.0      1   1     0
66    41    1   1       110   235    0        0      153      0      0.0      0   0     0
203   60    1   3       117   230    1        0      160      1      1.4      0   2     2
2022-11-22 18:26:45.453 | INFO     | ml_project.classes.Transform:__init__:50 - Данные после преобразования [[-1.51449071  0.73029674 -2.30250178 ... -1.03321762  1.38807398
  -0.87339097]
 [-0.35851882  0.73029674  0.83314209 ... -1.03321762  1.38807398
   1.2046772 ]
 [ 1.25984183 -1.36930639 -0.21207253 ...  0.56287228  0.31992783
  -0.87339097]
 ...
 [ 0.68185588  0.73029674  0.83314209 ... -1.03321762  0.31992783
   1.2046772 ]
 [ 1.02864745  0.73029674  0.83314209 ...  2.15896219  0.31992783
  -0.87339097]
 [-0.47411601 -1.36930639 -0.21207253 ... -1.03321762 -0.74821832
  -0.87339097]]
2022-11-22 18:26:45.454 | INFO     | ml_project.classes.Train:__init__:69 - Обучили модель
2022-11-22 18:26:45.455 | INFO     | ml_project.classes.Train:__init__:71 - Сделали пайплайн
2022-11-22 18:26:45.457 | INFO     | ml_project.classes.Train:__init__:73 - Реальные метки :[1 0 0 0 0 1 1 0 1 1 0 0 0 0 1 0 1 0 0 0 1 1 0 1 0 0 1 1 0 0 0 1 0 1 1 0 0
 0 1 1 0 1 1 0 0 0 1 1 0 1 1 1 1 1 0 0 1 0 0 0 0 0 1 0 0 1 0 1 1 0 0 0 1 0
 0 1 0 1 1 0 0 1 1 1 0 1 0 0 0 0]
2022-11-22 18:26:45.458 | INFO     | ml_project.classes.Train:__init__:74 - Предсказания :[1 0 0 1 0 0 1 0 1 1 0 0 0 1 1 0 1 1 0 0 1 1 0 0 0 0 1 1 0 0 0 1 0 1 1 0 1
 0 1 1 0 1 0 1 0 0 1 1 1 1 0 1 0 0 0 1 1 0 0 0 0 0 1 0 0 0 0 1 0 0 0 1 1 0
 0 0 0 1 1 1 0 1 0 1 0 0 0 0 0 0]
2022-11-22 18:26:45.460 | INFO     | ml_project.classes.Train:__init__:76 - Метрики :{'Accuracy': 0.7777777777777778, 'Precision': 0.7567567567567568, 'Recall': 0.717948717948718, 'F1 Score': 0.736842105263158}
2022-11-22 18:26:45.460 | INFO     | ml_project.classes.Exporting:__init__:25 - Записали метрики в файл  
2022-11-22 18:26:45.461 | INFO     | ml_project.classes.Exporting:__init__:31 - Сериализовали модельку в банку 
2022-11-22 18:26:45.461 | INFO     | ml_project.classes.Exporting:__init__:33 - Путь до модельки :models/DecisionTreeClassifier/model.pkl
2022-11-22 18:26:55.092 | INFO     | __main__:train_pipeline_command:34 - Запустили код с параметрами: model_path :configs/models.yaml cfg_path:configs/CatBoostConfig.yaml name_of_model CatBoostClassifier 
2022-11-22 18:26:55.106 | INFO     | ml_project.classes.Preprocess:__init__:38 - Данные из датасета    age  sex  cp  trestbps  chol  fbs  restecg  thalach  exang  oldpeak  slope  ca  thal  condition
0   69    1   0       160   234    1        2      131      0      0.1      1   1     0          0
1   69    0   0       140   239    0        0      151      0      1.8      0   2     0          0
2   66    0   0       150   226    0        0      114      0      2.6      2   0     0          0
3   65    1   0       138   282    1        2      174      0      1.4      1   1     0          1
4   64    1   0       110   211    0        2      144      1      1.8      1   0     0          0
2022-11-22 18:26:55.107 | INFO     | ml_project.classes.Preprocess:__init__:43 - целевая переменная [0 1]
2022-11-22 18:26:55.108 | INFO     | ml_project.classes.Preprocess:__init__:46 - кол-во столбцов после дропа трейна :13
2022-11-22 18:26:55.109 | INFO     | ml_project.classes.Preprocess:__init__:48 - кол-во столбцов после дропа теста :13
2022-11-22 18:26:55.115 | INFO     | ml_project.classes.Transform:__init__:47 - Данные до преобразования      age  sex  cp  trestbps  chol  fbs  restecg  thalach  exang  oldpeak  slope  ca  thal
43    54    1   1       108   309    0        0      156      0      0.0      0   0     2
98    58    1   2       112   230    0        2      165      0      2.5      1   1     2
255   52    1   3       128   255    0        0      161      1      0.0      0   1     2
24    71    0   1       160   302    0        0      162      0      0.4      0   2     0
220   58    1   3       150   270    0        2      111      1      0.8      0   0     2
2022-11-22 18:26:55.121 | INFO     | ml_project.classes.Transform:__init__:50 - Данные после преобразования [[-0.03318211  0.69372185 -1.25573945 ... -0.9964785  -0.72415243
   1.18191338]
 [ 0.42271127  0.69372185 -0.21514417 ...  0.61008888  0.34849836
   1.18191338]
 [-0.2611288   0.69372185  0.8254511  ... -0.9964785   0.34849836
   1.18191338]
 ...
 [-0.71702218  0.69372185 -0.21514417 ... -0.9964785   1.42114914
  -0.90848566]
 [-0.03318211  0.69372185  0.8254511  ... -0.9964785  -0.72415243
  -0.90848566]
 [-1.74278228 -1.44149994 -0.21514417 ... -0.9964785  -0.72415243
  -0.90848566]]
2022-11-22 18:26:55.224 | INFO     | ml_project.classes.Train:__init__:69 - Обучили модель
2022-11-22 18:26:55.225 | INFO     | ml_project.classes.Train:__init__:71 - Сделали пайплайн
2022-11-22 18:26:55.228 | INFO     | ml_project.classes.Train:__init__:73 - Реальные метки :[0 1 0 0 1 0 1 1 1 1 0 0 1 0 0 1 1 1 0 0 0 1 0 1 0 1 0 0 1 0 0 0 0 1 1 1 1
 1 0 0 0 0 0 0 0 0 0 0 1 1 1 0 0 0 0 1 0 0 0 0]
2022-11-22 18:26:55.228 | INFO     | ml_project.classes.Train:__init__:74 - Предсказания :[0 0 0 0 1 0 1 1 1 1 1 0 1 1 0 1 1 1 0 1 0 0 0 1 1 0 0 0 1 0 0 0 0 1 1 1 1
 0 0 0 0 0 0 0 0 0 1 0 0 1 0 1 0 0 0 1 0 0 0 1]
2022-11-22 18:26:55.230 | INFO     | ml_project.classes.Train:__init__:76 - Метрики :{'Accuracy': 0.7833333333333333, 'Precision': 0.7083333333333334, 'Recall': 0.7391304347826086, 'F1 Score': 0.723404255319149}
2022-11-22 18:26:55.231 | INFO     | ml_project.classes.Exporting:__init__:25 - Записали метрики в файл  
2022-11-22 18:26:55.232 | INFO     | ml_project.classes.Exporting:__init__:31 - Сериализовали модельку в банку 
2022-11-22 18:26:55.232 | INFO     | ml_project.classes.Exporting:__init__:33 - Путь до модельки :models/CatBoostClassifier/model.pkl
