2022-11-23 15:36:14.412 | ERROR    | inference:load_model:86 - PATH_TO_MODEL None is None
2022-11-23 15:36:14.412 | ERROR    | inference:load_model:86 - PATH_TO_MODEL None is None
2022-11-23 15:45:00.173 | INFO     | inference:make_predict:102 - [[6.90e+01 1.00e+00 0.00e+00 1.60e+02 2.34e+02 1.00e+00 2.00e+00 1.31e+02
  0.00e+00 1.00e-01 1.00e+00 1.00e+00 0.00e+00]]
2022-11-23 15:45:00.173 | INFO     | inference:make_predict:102 - [[6.90e+01 1.00e+00 0.00e+00 1.60e+02 2.34e+02 1.00e+00 2.00e+00 1.31e+02
  0.00e+00 1.00e-01 1.00e+00 1.00e+00 0.00e+00]]
2022-11-23 15:45:00.181 | INFO     | inference:make_predict:106 - predicts: [1]
2022-11-23 15:45:00.181 | INFO     | inference:make_predict:106 - predicts: [1]
2022-11-23 15:45:00.186 | INFO     | inference:make_predict:102 - [[ 69.    0.    0.  140.  239.    0.    0.  151.    0.    1.8   0.    2.
    0. ]]
2022-11-23 15:45:00.186 | INFO     | inference:make_predict:102 - [[ 69.    0.    0.  140.  239.    0.    0.  151.    0.    1.8   0.    2.
    0. ]]
2022-11-23 15:45:00.187 | INFO     | inference:make_predict:106 - predicts: [1]
2022-11-23 15:45:00.187 | INFO     | inference:make_predict:106 - predicts: [1]
2022-11-23 15:45:00.190 | INFO     | inference:make_predict:102 - [[ 66.    0.    0.  150.  226.    0.    0.  114.    0.    2.6   2.    0.
    0. ]]
2022-11-23 15:45:00.190 | INFO     | inference:make_predict:102 - [[ 66.    0.    0.  150.  226.    0.    0.  114.    0.    2.6   2.    0.
    0. ]]
2022-11-23 15:45:00.191 | INFO     | inference:make_predict:106 - predicts: [1]
2022-11-23 15:45:00.191 | INFO     | inference:make_predict:106 - predicts: [1]
2022-11-23 15:45:00.194 | INFO     | inference:make_predict:102 - [[ 65.    1.    0.  138.  282.    1.    2.  174.    0.    1.4   1.    1.
    0. ]]
2022-11-23 15:45:00.194 | INFO     | inference:make_predict:102 - [[ 65.    1.    0.  138.  282.    1.    2.  174.    0.    1.4   1.    1.
    0. ]]
2022-11-23 15:45:00.195 | INFO     | inference:make_predict:106 - predicts: [1]
2022-11-23 15:45:00.195 | INFO     | inference:make_predict:106 - predicts: [1]
2022-11-23 15:45:00.199 | INFO     | inference:make_predict:102 - [[ 64.    1.    0.  110.  211.    0.    2.  144.    1.    1.8   1.    0.
    0. ]]
2022-11-23 15:45:00.199 | INFO     | inference:make_predict:102 - [[ 64.    1.    0.  110.  211.    0.    2.  144.    1.    1.8   1.    0.
    0. ]]
2022-11-23 15:45:00.199 | INFO     | inference:make_predict:106 - predicts: [1]
2022-11-23 15:45:00.199 | INFO     | inference:make_predict:106 - predicts: [1]
2022-11-23 15:45:00.203 | INFO     | inference:make_predict:102 - [[ 64.    1.    0.  170.  227.    0.    2.  155.    0.    0.6   1.    0.
    2. ]]
2022-11-23 15:45:00.203 | INFO     | inference:make_predict:102 - [[ 64.    1.    0.  170.  227.    0.    2.  155.    0.    0.6   1.    0.
    2. ]]
2022-11-23 15:45:00.204 | INFO     | inference:make_predict:106 - predicts: [1]
2022-11-23 15:45:00.204 | INFO     | inference:make_predict:106 - predicts: [1]
2022-11-23 15:45:00.207 | INFO     | inference:make_predict:102 - [[ 63.    1.    0.  145.  233.    1.    2.  150.    0.    2.3   2.    0.
    1. ]]
2022-11-23 15:45:00.207 | INFO     | inference:make_predict:102 - [[ 63.    1.    0.  145.  233.    1.    2.  150.    0.    2.3   2.    0.
    1. ]]
2022-11-23 15:45:00.208 | INFO     | inference:make_predict:106 - predicts: [1]
2022-11-23 15:45:00.208 | INFO     | inference:make_predict:106 - predicts: [1]
2022-11-23 15:45:00.211 | INFO     | inference:make_predict:102 - [[ 61.    1.    0.  134.  234.    0.    0.  145.    0.    2.6   1.    2.
    0. ]]
2022-11-23 15:45:00.211 | INFO     | inference:make_predict:102 - [[ 61.    1.    0.  134.  234.    0.    0.  145.    0.    2.6   1.    2.
    0. ]]
2022-11-23 15:45:00.212 | INFO     | inference:make_predict:106 - predicts: [1]
2022-11-23 15:45:00.212 | INFO     | inference:make_predict:106 - predicts: [1]
2022-11-23 15:45:00.215 | INFO     | inference:make_predict:102 - [[ 60.    0.    0.  150.  240.    0.    0.  171.    0.    0.9   0.    0.
    0. ]]
2022-11-23 15:45:00.215 | INFO     | inference:make_predict:102 - [[ 60.    0.    0.  150.  240.    0.    0.  171.    0.    0.9   0.    0.
    0. ]]
2022-11-23 15:45:00.216 | INFO     | inference:make_predict:106 - predicts: [1]
2022-11-23 15:45:00.216 | INFO     | inference:make_predict:106 - predicts: [1]
2022-11-23 15:45:00.219 | INFO     | inference:make_predict:102 - [[ 59.    1.    0.  178.  270.    0.    2.  145.    0.    4.2   2.    0.
    2. ]]
2022-11-23 15:45:00.219 | INFO     | inference:make_predict:102 - [[ 59.    1.    0.  178.  270.    0.    2.  145.    0.    4.2   2.    0.
    2. ]]
2022-11-23 15:45:00.220 | INFO     | inference:make_predict:106 - predicts: [1]
2022-11-23 15:45:00.220 | INFO     | inference:make_predict:106 - predicts: [1]
2022-11-23 16:36:17.937 | INFO     | inference:make_predict:102 - [[6.90e+01 1.00e+00 0.00e+00 1.60e+02 2.34e+02 1.00e+00 2.00e+00 1.31e+02
  0.00e+00 1.00e-01 1.00e+00 1.00e+00 0.00e+00]]
2022-11-23 16:36:17.937 | INFO     | inference:make_predict:102 - [[6.90e+01 1.00e+00 0.00e+00 1.60e+02 2.34e+02 1.00e+00 2.00e+00 1.31e+02
  0.00e+00 1.00e-01 1.00e+00 1.00e+00 0.00e+00]]
2022-11-23 16:36:17.939 | INFO     | inference:make_predict:106 - predicts: [0]
2022-11-23 16:36:17.939 | INFO     | inference:make_predict:106 - predicts: [0]
2022-11-23 16:36:17.945 | INFO     | inference:make_predict:102 - [[ 69.    0.    0.  140.  239.    0.    0.  151.    0.    1.8   0.    2.
    0. ]]
2022-11-23 16:36:17.945 | INFO     | inference:make_predict:102 - [[ 69.    0.    0.  140.  239.    0.    0.  151.    0.    1.8   0.    2.
    0. ]]
2022-11-23 16:36:17.945 | INFO     | inference:make_predict:106 - predicts: [0]
2022-11-23 16:36:17.945 | INFO     | inference:make_predict:106 - predicts: [0]
2022-11-23 16:36:17.949 | INFO     | inference:make_predict:102 - [[ 66.    0.    0.  150.  226.    0.    0.  114.    0.    2.6   2.    0.
    0. ]]
2022-11-23 16:36:17.949 | INFO     | inference:make_predict:102 - [[ 66.    0.    0.  150.  226.    0.    0.  114.    0.    2.6   2.    0.
    0. ]]
2022-11-23 16:36:17.949 | INFO     | inference:make_predict:106 - predicts: [0]
2022-11-23 16:36:17.949 | INFO     | inference:make_predict:106 - predicts: [0]
2022-11-23 16:36:17.953 | INFO     | inference:make_predict:102 - [[ 65.    1.    0.  138.  282.    1.    2.  174.    0.    1.4   1.    1.
    0. ]]
2022-11-23 16:36:17.953 | INFO     | inference:make_predict:102 - [[ 65.    1.    0.  138.  282.    1.    2.  174.    0.    1.4   1.    1.
    0. ]]
2022-11-23 16:36:17.954 | INFO     | inference:make_predict:106 - predicts: [0]
2022-11-23 16:36:17.954 | INFO     | inference:make_predict:106 - predicts: [0]
2022-11-23 16:36:17.957 | INFO     | inference:make_predict:102 - [[ 64.    1.    0.  110.  211.    0.    2.  144.    1.    1.8   1.    0.
    0. ]]
2022-11-23 16:36:17.957 | INFO     | inference:make_predict:102 - [[ 64.    1.    0.  110.  211.    0.    2.  144.    1.    1.8   1.    0.
    0. ]]
2022-11-23 16:36:17.958 | INFO     | inference:make_predict:106 - predicts: [0]
2022-11-23 16:36:17.958 | INFO     | inference:make_predict:106 - predicts: [0]
2022-11-23 16:36:17.961 | INFO     | inference:make_predict:102 - [[ 64.    1.    0.  170.  227.    0.    2.  155.    0.    0.6   1.    0.
    2. ]]
2022-11-23 16:36:17.961 | INFO     | inference:make_predict:102 - [[ 64.    1.    0.  170.  227.    0.    2.  155.    0.    0.6   1.    0.
    2. ]]
2022-11-23 16:36:17.962 | INFO     | inference:make_predict:106 - predicts: [0]
2022-11-23 16:36:17.962 | INFO     | inference:make_predict:106 - predicts: [0]
2022-11-23 16:36:17.965 | INFO     | inference:make_predict:102 - [[ 63.    1.    0.  145.  233.    1.    2.  150.    0.    2.3   2.    0.
    1. ]]
2022-11-23 16:36:17.965 | INFO     | inference:make_predict:102 - [[ 63.    1.    0.  145.  233.    1.    2.  150.    0.    2.3   2.    0.
    1. ]]
2022-11-23 16:36:17.966 | INFO     | inference:make_predict:106 - predicts: [0]
2022-11-23 16:36:17.966 | INFO     | inference:make_predict:106 - predicts: [0]
2022-11-23 16:36:17.970 | INFO     | inference:make_predict:102 - [[ 61.    1.    0.  134.  234.    0.    0.  145.    0.    2.6   1.    2.
    0. ]]
2022-11-23 16:36:17.970 | INFO     | inference:make_predict:102 - [[ 61.    1.    0.  134.  234.    0.    0.  145.    0.    2.6   1.    2.
    0. ]]
2022-11-23 16:36:17.971 | INFO     | inference:make_predict:106 - predicts: [1]
2022-11-23 16:36:17.971 | INFO     | inference:make_predict:106 - predicts: [1]
2022-11-23 16:36:17.975 | INFO     | inference:make_predict:102 - [[ 60.    0.    0.  150.  240.    0.    0.  171.    0.    0.9   0.    0.
    0. ]]
2022-11-23 16:36:17.975 | INFO     | inference:make_predict:102 - [[ 60.    0.    0.  150.  240.    0.    0.  171.    0.    0.9   0.    0.
    0. ]]
2022-11-23 16:36:17.975 | INFO     | inference:make_predict:106 - predicts: [0]
2022-11-23 16:36:17.975 | INFO     | inference:make_predict:106 - predicts: [0]
2022-11-23 16:36:17.979 | INFO     | inference:make_predict:102 - [[ 59.    1.    0.  178.  270.    0.    2.  145.    0.    4.2   2.    0.
    2. ]]
2022-11-23 16:36:17.979 | INFO     | inference:make_predict:102 - [[ 59.    1.    0.  178.  270.    0.    2.  145.    0.    4.2   2.    0.
    2. ]]
2022-11-23 16:36:17.979 | INFO     | inference:make_predict:106 - predicts: [1]
2022-11-23 16:36:17.979 | INFO     | inference:make_predict:106 - predicts: [1]
2022-11-23 18:18:10.408 | INFO     | inference:make_predict:102 - [[6.90e+01 1.00e+00 0.00e+00 1.60e+02 2.34e+02 1.00e+00 2.00e+00 1.31e+02
  0.00e+00 1.00e-01 1.00e+00 1.00e+00 0.00e+00]]
2022-11-23 18:18:10.408 | INFO     | inference:make_predict:102 - [[6.90e+01 1.00e+00 0.00e+00 1.60e+02 2.34e+02 1.00e+00 2.00e+00 1.31e+02
  0.00e+00 1.00e-01 1.00e+00 1.00e+00 0.00e+00]]
2022-11-23 18:18:10.409 | INFO     | inference:make_predict:106 - predicts: [0]
2022-11-23 18:18:10.409 | INFO     | inference:make_predict:106 - predicts: [0]
2022-11-23 18:18:10.414 | INFO     | inference:make_predict:102 - [[ 69.    0.    0.  140.  239.    0.    0.  151.    0.    1.8   0.    2.
    0. ]]
2022-11-23 18:18:10.414 | INFO     | inference:make_predict:102 - [[ 69.    0.    0.  140.  239.    0.    0.  151.    0.    1.8   0.    2.
    0. ]]
2022-11-23 18:18:10.415 | INFO     | inference:make_predict:106 - predicts: [0]
2022-11-23 18:18:10.415 | INFO     | inference:make_predict:106 - predicts: [0]
2022-11-23 18:18:10.421 | INFO     | inference:make_predict:102 - [[ 66.    0.    0.  150.  226.    0.    0.  114.    0.    2.6   2.    0.
    0. ]]
2022-11-23 18:18:10.421 | INFO     | inference:make_predict:102 - [[ 66.    0.    0.  150.  226.    0.    0.  114.    0.    2.6   2.    0.
    0. ]]
2022-11-23 18:18:10.422 | INFO     | inference:make_predict:106 - predicts: [0]
2022-11-23 18:18:10.422 | INFO     | inference:make_predict:106 - predicts: [0]
2022-11-23 18:18:10.429 | INFO     | inference:make_predict:102 - [[ 65.    1.    0.  138.  282.    1.    2.  174.    0.    1.4   1.    1.
    0. ]]
2022-11-23 18:18:10.429 | INFO     | inference:make_predict:102 - [[ 65.    1.    0.  138.  282.    1.    2.  174.    0.    1.4   1.    1.
    0. ]]
2022-11-23 18:18:10.430 | INFO     | inference:make_predict:106 - predicts: [0]
2022-11-23 18:18:10.430 | INFO     | inference:make_predict:106 - predicts: [0]
2022-11-23 18:18:10.436 | INFO     | inference:make_predict:102 - [[ 64.    1.    0.  110.  211.    0.    2.  144.    1.    1.8   1.    0.
    0. ]]
2022-11-23 18:18:10.436 | INFO     | inference:make_predict:102 - [[ 64.    1.    0.  110.  211.    0.    2.  144.    1.    1.8   1.    0.
    0. ]]
2022-11-23 18:18:10.437 | INFO     | inference:make_predict:106 - predicts: [0]
2022-11-23 18:18:10.437 | INFO     | inference:make_predict:106 - predicts: [0]
2022-11-23 18:18:10.442 | INFO     | inference:make_predict:102 - [[ 64.    1.    0.  170.  227.    0.    2.  155.    0.    0.6   1.    0.
    2. ]]
2022-11-23 18:18:10.442 | INFO     | inference:make_predict:102 - [[ 64.    1.    0.  170.  227.    0.    2.  155.    0.    0.6   1.    0.
    2. ]]
2022-11-23 18:18:10.443 | INFO     | inference:make_predict:106 - predicts: [0]
2022-11-23 18:18:10.443 | INFO     | inference:make_predict:106 - predicts: [0]
2022-11-23 18:18:10.447 | INFO     | inference:make_predict:102 - [[ 63.    1.    0.  145.  233.    1.    2.  150.    0.    2.3   2.    0.
    1. ]]
2022-11-23 18:18:10.447 | INFO     | inference:make_predict:102 - [[ 63.    1.    0.  145.  233.    1.    2.  150.    0.    2.3   2.    0.
    1. ]]
2022-11-23 18:18:10.447 | INFO     | inference:make_predict:106 - predicts: [0]
2022-11-23 18:18:10.447 | INFO     | inference:make_predict:106 - predicts: [0]
2022-11-23 18:18:10.451 | INFO     | inference:make_predict:102 - [[ 61.    1.    0.  134.  234.    0.    0.  145.    0.    2.6   1.    2.
    0. ]]
2022-11-23 18:18:10.451 | INFO     | inference:make_predict:102 - [[ 61.    1.    0.  134.  234.    0.    0.  145.    0.    2.6   1.    2.
    0. ]]
2022-11-23 18:18:10.452 | INFO     | inference:make_predict:106 - predicts: [1]
2022-11-23 18:18:10.452 | INFO     | inference:make_predict:106 - predicts: [1]
2022-11-23 18:18:10.456 | INFO     | inference:make_predict:102 - [[ 60.    0.    0.  150.  240.    0.    0.  171.    0.    0.9   0.    0.
    0. ]]
2022-11-23 18:18:10.456 | INFO     | inference:make_predict:102 - [[ 60.    0.    0.  150.  240.    0.    0.  171.    0.    0.9   0.    0.
    0. ]]
2022-11-23 18:18:10.458 | INFO     | inference:make_predict:106 - predicts: [0]
2022-11-23 18:18:10.458 | INFO     | inference:make_predict:106 - predicts: [0]
2022-11-23 18:18:10.463 | INFO     | inference:make_predict:102 - [[ 59.    1.    0.  178.  270.    0.    2.  145.    0.    4.2   2.    0.
    2. ]]
2022-11-23 18:18:10.463 | INFO     | inference:make_predict:102 - [[ 59.    1.    0.  178.  270.    0.    2.  145.    0.    4.2   2.    0.
    2. ]]
2022-11-23 18:18:10.464 | INFO     | inference:make_predict:106 - predicts: [1]
2022-11-23 18:18:10.464 | INFO     | inference:make_predict:106 - predicts: [1]
2022-11-23 18:29:11.628 | INFO     | inference:make_predict:102 - [[6.90e+01 1.00e+00 0.00e+00 1.60e+02 2.34e+02 1.00e+00 2.00e+00 1.31e+02
  0.00e+00 1.00e-01 1.00e+00 1.00e+00 0.00e+00]]
2022-11-23 18:29:11.628 | INFO     | inference:make_predict:102 - [[6.90e+01 1.00e+00 0.00e+00 1.60e+02 2.34e+02 1.00e+00 2.00e+00 1.31e+02
  0.00e+00 1.00e-01 1.00e+00 1.00e+00 0.00e+00]]
2022-11-23 18:29:11.630 | INFO     | inference:make_predict:106 - predicts: [0]
2022-11-23 18:29:11.630 | INFO     | inference:make_predict:106 - predicts: [0]
2022-11-23 18:29:11.634 | INFO     | inference:make_predict:102 - [[ 69.    0.    0.  140.  239.    0.    0.  151.    0.    1.8   0.    2.
    0. ]]
2022-11-23 18:29:11.634 | INFO     | inference:make_predict:102 - [[ 69.    0.    0.  140.  239.    0.    0.  151.    0.    1.8   0.    2.
    0. ]]
2022-11-23 18:29:11.636 | INFO     | inference:make_predict:106 - predicts: [0]
2022-11-23 18:29:11.636 | INFO     | inference:make_predict:106 - predicts: [0]
2022-11-23 18:29:11.640 | INFO     | inference:make_predict:102 - [[ 66.    0.    0.  150.  226.    0.    0.  114.    0.    2.6   2.    0.
    0. ]]
2022-11-23 18:29:11.640 | INFO     | inference:make_predict:102 - [[ 66.    0.    0.  150.  226.    0.    0.  114.    0.    2.6   2.    0.
    0. ]]
2022-11-23 18:29:11.641 | INFO     | inference:make_predict:106 - predicts: [0]
2022-11-23 18:29:11.641 | INFO     | inference:make_predict:106 - predicts: [0]
2022-11-23 18:29:11.648 | INFO     | inference:make_predict:102 - [[ 65.    1.    0.  138.  282.    1.    2.  174.    0.    1.4   1.    1.
    0. ]]
2022-11-23 18:29:11.648 | INFO     | inference:make_predict:102 - [[ 65.    1.    0.  138.  282.    1.    2.  174.    0.    1.4   1.    1.
    0. ]]
2022-11-23 18:29:11.649 | INFO     | inference:make_predict:106 - predicts: [0]
2022-11-23 18:29:11.649 | INFO     | inference:make_predict:106 - predicts: [0]
2022-11-23 18:29:11.653 | INFO     | inference:make_predict:102 - [[ 64.    1.    0.  110.  211.    0.    2.  144.    1.    1.8   1.    0.
    0. ]]
2022-11-23 18:29:11.653 | INFO     | inference:make_predict:102 - [[ 64.    1.    0.  110.  211.    0.    2.  144.    1.    1.8   1.    0.
    0. ]]
2022-11-23 18:29:11.654 | INFO     | inference:make_predict:106 - predicts: [0]
2022-11-23 18:29:11.654 | INFO     | inference:make_predict:106 - predicts: [0]
2022-11-23 18:29:11.658 | INFO     | inference:make_predict:102 - [[ 64.    1.    0.  170.  227.    0.    2.  155.    0.    0.6   1.    0.
    2. ]]
2022-11-23 18:29:11.658 | INFO     | inference:make_predict:102 - [[ 64.    1.    0.  170.  227.    0.    2.  155.    0.    0.6   1.    0.
    2. ]]
2022-11-23 18:29:11.659 | INFO     | inference:make_predict:106 - predicts: [0]
2022-11-23 18:29:11.659 | INFO     | inference:make_predict:106 - predicts: [0]
2022-11-23 18:29:11.662 | INFO     | inference:make_predict:102 - [[ 63.    1.    0.  145.  233.    1.    2.  150.    0.    2.3   2.    0.
    1. ]]
2022-11-23 18:29:11.662 | INFO     | inference:make_predict:102 - [[ 63.    1.    0.  145.  233.    1.    2.  150.    0.    2.3   2.    0.
    1. ]]
2022-11-23 18:29:11.663 | INFO     | inference:make_predict:106 - predicts: [0]
2022-11-23 18:29:11.663 | INFO     | inference:make_predict:106 - predicts: [0]
2022-11-23 18:29:11.667 | INFO     | inference:make_predict:102 - [[ 61.    1.    0.  134.  234.    0.    0.  145.    0.    2.6   1.    2.
    0. ]]
2022-11-23 18:29:11.667 | INFO     | inference:make_predict:102 - [[ 61.    1.    0.  134.  234.    0.    0.  145.    0.    2.6   1.    2.
    0. ]]
2022-11-23 18:29:11.668 | INFO     | inference:make_predict:106 - predicts: [1]
2022-11-23 18:29:11.668 | INFO     | inference:make_predict:106 - predicts: [1]
2022-11-23 18:29:11.671 | INFO     | inference:make_predict:102 - [[ 60.    0.    0.  150.  240.    0.    0.  171.    0.    0.9   0.    0.
    0. ]]
2022-11-23 18:29:11.671 | INFO     | inference:make_predict:102 - [[ 60.    0.    0.  150.  240.    0.    0.  171.    0.    0.9   0.    0.
    0. ]]
2022-11-23 18:29:11.672 | INFO     | inference:make_predict:106 - predicts: [0]
2022-11-23 18:29:11.672 | INFO     | inference:make_predict:106 - predicts: [0]
2022-11-23 18:29:11.677 | INFO     | inference:make_predict:102 - [[ 59.    1.    0.  178.  270.    0.    2.  145.    0.    4.2   2.    0.
    2. ]]
2022-11-23 18:29:11.677 | INFO     | inference:make_predict:102 - [[ 59.    1.    0.  178.  270.    0.    2.  145.    0.    4.2   2.    0.
    2. ]]
2022-11-23 18:29:11.677 | INFO     | inference:make_predict:106 - predicts: [1]
2022-11-23 18:29:11.677 | INFO     | inference:make_predict:106 - predicts: [1]
2022-11-23 18:31:37.508 | INFO     | inference:make_predict:102 - [[6.90e+01 1.00e+00 0.00e+00 1.60e+02 2.34e+02 1.00e+00 2.00e+00 1.31e+02
  0.00e+00 1.00e-01 1.00e+00 1.00e+00 0.00e+00]]
2022-11-23 18:31:37.508 | INFO     | inference:make_predict:102 - [[6.90e+01 1.00e+00 0.00e+00 1.60e+02 2.34e+02 1.00e+00 2.00e+00 1.31e+02
  0.00e+00 1.00e-01 1.00e+00 1.00e+00 0.00e+00]]
2022-11-23 18:31:37.509 | INFO     | inference:make_predict:106 - predicts: [0]
2022-11-23 18:31:37.509 | INFO     | inference:make_predict:106 - predicts: [0]
2022-11-23 18:31:37.514 | INFO     | inference:make_predict:102 - [[ 69.    0.    0.  140.  239.    0.    0.  151.    0.    1.8   0.    2.
    0. ]]
2022-11-23 18:31:37.514 | INFO     | inference:make_predict:102 - [[ 69.    0.    0.  140.  239.    0.    0.  151.    0.    1.8   0.    2.
    0. ]]
2022-11-23 18:31:37.515 | INFO     | inference:make_predict:106 - predicts: [0]
2022-11-23 18:31:37.515 | INFO     | inference:make_predict:106 - predicts: [0]
2022-11-23 18:31:37.519 | INFO     | inference:make_predict:102 - [[ 66.    0.    0.  150.  226.    0.    0.  114.    0.    2.6   2.    0.
    0. ]]
2022-11-23 18:31:37.519 | INFO     | inference:make_predict:102 - [[ 66.    0.    0.  150.  226.    0.    0.  114.    0.    2.6   2.    0.
    0. ]]
2022-11-23 18:31:37.520 | INFO     | inference:make_predict:106 - predicts: [0]
2022-11-23 18:31:37.520 | INFO     | inference:make_predict:106 - predicts: [0]
2022-11-23 18:31:37.524 | INFO     | inference:make_predict:102 - [[ 65.    1.    0.  138.  282.    1.    2.  174.    0.    1.4   1.    1.
    0. ]]
2022-11-23 18:31:37.524 | INFO     | inference:make_predict:102 - [[ 65.    1.    0.  138.  282.    1.    2.  174.    0.    1.4   1.    1.
    0. ]]
2022-11-23 18:31:37.525 | INFO     | inference:make_predict:106 - predicts: [0]
2022-11-23 18:31:37.525 | INFO     | inference:make_predict:106 - predicts: [0]
2022-11-23 18:31:37.529 | INFO     | inference:make_predict:102 - [[ 64.    1.    0.  110.  211.    0.    2.  144.    1.    1.8   1.    0.
    0. ]]
2022-11-23 18:31:37.529 | INFO     | inference:make_predict:102 - [[ 64.    1.    0.  110.  211.    0.    2.  144.    1.    1.8   1.    0.
    0. ]]
2022-11-23 18:31:37.530 | INFO     | inference:make_predict:106 - predicts: [0]
2022-11-23 18:31:37.530 | INFO     | inference:make_predict:106 - predicts: [0]
2022-11-23 18:31:37.534 | INFO     | inference:make_predict:102 - [[ 64.    1.    0.  170.  227.    0.    2.  155.    0.    0.6   1.    0.
    2. ]]
2022-11-23 18:31:37.534 | INFO     | inference:make_predict:102 - [[ 64.    1.    0.  170.  227.    0.    2.  155.    0.    0.6   1.    0.
    2. ]]
2022-11-23 18:31:37.535 | INFO     | inference:make_predict:106 - predicts: [0]
2022-11-23 18:31:37.535 | INFO     | inference:make_predict:106 - predicts: [0]
2022-11-23 18:31:37.539 | INFO     | inference:make_predict:102 - [[ 63.    1.    0.  145.  233.    1.    2.  150.    0.    2.3   2.    0.
    1. ]]
2022-11-23 18:31:37.539 | INFO     | inference:make_predict:102 - [[ 63.    1.    0.  145.  233.    1.    2.  150.    0.    2.3   2.    0.
    1. ]]
2022-11-23 18:31:37.539 | INFO     | inference:make_predict:106 - predicts: [0]
2022-11-23 18:31:37.539 | INFO     | inference:make_predict:106 - predicts: [0]
2022-11-23 18:31:37.543 | INFO     | inference:make_predict:102 - [[ 61.    1.    0.  134.  234.    0.    0.  145.    0.    2.6   1.    2.
    0. ]]
2022-11-23 18:31:37.543 | INFO     | inference:make_predict:102 - [[ 61.    1.    0.  134.  234.    0.    0.  145.    0.    2.6   1.    2.
    0. ]]
2022-11-23 18:31:37.544 | INFO     | inference:make_predict:106 - predicts: [1]
2022-11-23 18:31:37.544 | INFO     | inference:make_predict:106 - predicts: [1]
2022-11-23 18:31:37.548 | INFO     | inference:make_predict:102 - [[ 60.    0.    0.  150.  240.    0.    0.  171.    0.    0.9   0.    0.
    0. ]]
2022-11-23 18:31:37.548 | INFO     | inference:make_predict:102 - [[ 60.    0.    0.  150.  240.    0.    0.  171.    0.    0.9   0.    0.
    0. ]]
2022-11-23 18:31:37.549 | INFO     | inference:make_predict:106 - predicts: [0]
2022-11-23 18:31:37.549 | INFO     | inference:make_predict:106 - predicts: [0]
2022-11-23 18:31:37.553 | INFO     | inference:make_predict:102 - [[ 59.    1.    0.  178.  270.    0.    2.  145.    0.    4.2   2.    0.
    2. ]]
2022-11-23 18:31:37.553 | INFO     | inference:make_predict:102 - [[ 59.    1.    0.  178.  270.    0.    2.  145.    0.    4.2   2.    0.
    2. ]]
2022-11-23 18:31:37.554 | INFO     | inference:make_predict:106 - predicts: [1]
2022-11-23 18:31:37.554 | INFO     | inference:make_predict:106 - predicts: [1]
2022-11-23 19:39:44.714 | ERROR    | inference:load_model:86 - PATH_TO_MODEL None is None
2022-11-23 19:39:44.714 | ERROR    | inference:load_model:86 - PATH_TO_MODEL None is None
2022-11-23 20:04:10.093 | INFO     | inference:make_predict:102 - [[6.90e+01 1.00e+00 0.00e+00 1.60e+02 2.34e+02 1.00e+00 2.00e+00 1.31e+02
  0.00e+00 1.00e-01 1.00e+00 1.00e+00 0.00e+00]]
2022-11-23 20:04:10.093 | INFO     | inference:make_predict:102 - [[6.90e+01 1.00e+00 0.00e+00 1.60e+02 2.34e+02 1.00e+00 2.00e+00 1.31e+02
  0.00e+00 1.00e-01 1.00e+00 1.00e+00 0.00e+00]]
2022-11-23 20:04:10.102 | INFO     | inference:make_predict:106 - predicts: [0]
2022-11-23 20:04:10.102 | INFO     | inference:make_predict:106 - predicts: [0]
2022-11-23 20:04:10.108 | INFO     | inference:make_predict:102 - [[ 69.    0.    0.  140.  239.    0.    0.  151.    0.    1.8   0.    2.
    0. ]]
2022-11-23 20:04:10.108 | INFO     | inference:make_predict:102 - [[ 69.    0.    0.  140.  239.    0.    0.  151.    0.    1.8   0.    2.
    0. ]]
2022-11-23 20:04:10.109 | INFO     | inference:make_predict:106 - predicts: [0]
2022-11-23 20:04:10.109 | INFO     | inference:make_predict:106 - predicts: [0]
2022-11-23 20:04:10.114 | INFO     | inference:make_predict:102 - [[ 66.    0.    0.  150.  226.    0.    0.  114.    0.    2.6   2.    0.
    0. ]]
2022-11-23 20:04:10.114 | INFO     | inference:make_predict:102 - [[ 66.    0.    0.  150.  226.    0.    0.  114.    0.    2.6   2.    0.
    0. ]]
2022-11-23 20:04:10.116 | INFO     | inference:make_predict:106 - predicts: [0]
2022-11-23 20:04:10.116 | INFO     | inference:make_predict:106 - predicts: [0]
2022-11-23 20:04:10.120 | INFO     | inference:make_predict:102 - [[ 65.    1.    0.  138.  282.    1.    2.  174.    0.    1.4   1.    1.
    0. ]]
2022-11-23 20:04:10.120 | INFO     | inference:make_predict:102 - [[ 65.    1.    0.  138.  282.    1.    2.  174.    0.    1.4   1.    1.
    0. ]]
2022-11-23 20:04:10.121 | INFO     | inference:make_predict:106 - predicts: [0]
2022-11-23 20:04:10.121 | INFO     | inference:make_predict:106 - predicts: [0]
2022-11-23 20:04:10.126 | INFO     | inference:make_predict:102 - [[ 64.    1.    0.  110.  211.    0.    2.  144.    1.    1.8   1.    0.
    0. ]]
2022-11-23 20:04:10.126 | INFO     | inference:make_predict:102 - [[ 64.    1.    0.  110.  211.    0.    2.  144.    1.    1.8   1.    0.
    0. ]]
2022-11-23 20:04:10.128 | INFO     | inference:make_predict:106 - predicts: [0]
2022-11-23 20:04:10.128 | INFO     | inference:make_predict:106 - predicts: [0]
2022-11-23 20:04:10.132 | INFO     | inference:make_predict:102 - [[ 64.    1.    0.  170.  227.    0.    2.  155.    0.    0.6   1.    0.
    2. ]]
2022-11-23 20:04:10.132 | INFO     | inference:make_predict:102 - [[ 64.    1.    0.  170.  227.    0.    2.  155.    0.    0.6   1.    0.
    2. ]]
2022-11-23 20:04:10.134 | INFO     | inference:make_predict:106 - predicts: [0]
2022-11-23 20:04:10.134 | INFO     | inference:make_predict:106 - predicts: [0]
2022-11-23 20:04:10.138 | INFO     | inference:make_predict:102 - [[ 63.    1.    0.  145.  233.    1.    2.  150.    0.    2.3   2.    0.
    1. ]]
2022-11-23 20:04:10.138 | INFO     | inference:make_predict:102 - [[ 63.    1.    0.  145.  233.    1.    2.  150.    0.    2.3   2.    0.
    1. ]]
2022-11-23 20:04:10.139 | INFO     | inference:make_predict:106 - predicts: [0]
2022-11-23 20:04:10.139 | INFO     | inference:make_predict:106 - predicts: [0]
2022-11-23 20:04:10.143 | INFO     | inference:make_predict:102 - [[ 61.    1.    0.  134.  234.    0.    0.  145.    0.    2.6   1.    2.
    0. ]]
2022-11-23 20:04:10.143 | INFO     | inference:make_predict:102 - [[ 61.    1.    0.  134.  234.    0.    0.  145.    0.    2.6   1.    2.
    0. ]]
2022-11-23 20:04:10.144 | INFO     | inference:make_predict:106 - predicts: [1]
2022-11-23 20:04:10.144 | INFO     | inference:make_predict:106 - predicts: [1]
2022-11-23 20:04:10.148 | INFO     | inference:make_predict:102 - [[ 60.    0.    0.  150.  240.    0.    0.  171.    0.    0.9   0.    0.
    0. ]]
2022-11-23 20:04:10.148 | INFO     | inference:make_predict:102 - [[ 60.    0.    0.  150.  240.    0.    0.  171.    0.    0.9   0.    0.
    0. ]]
2022-11-23 20:04:10.150 | INFO     | inference:make_predict:106 - predicts: [0]
2022-11-23 20:04:10.150 | INFO     | inference:make_predict:106 - predicts: [0]
2022-11-23 20:04:10.154 | INFO     | inference:make_predict:102 - [[ 59.    1.    0.  178.  270.    0.    2.  145.    0.    4.2   2.    0.
    2. ]]
2022-11-23 20:04:10.154 | INFO     | inference:make_predict:102 - [[ 59.    1.    0.  178.  270.    0.    2.  145.    0.    4.2   2.    0.
    2. ]]
2022-11-23 20:04:10.155 | INFO     | inference:make_predict:106 - predicts: [1]
2022-11-23 20:04:10.155 | INFO     | inference:make_predict:106 - predicts: [1]
2022-11-23 20:15:37.048 | INFO     | inference:make_predict:102 - [[6.90e+01 1.00e+00 0.00e+00 1.60e+02 2.34e+02 1.00e+00 2.00e+00 1.31e+02
  0.00e+00 1.00e-01 1.00e+00 1.00e+00 0.00e+00]]
2022-11-23 20:15:37.048 | INFO     | inference:make_predict:102 - [[6.90e+01 1.00e+00 0.00e+00 1.60e+02 2.34e+02 1.00e+00 2.00e+00 1.31e+02
  0.00e+00 1.00e-01 1.00e+00 1.00e+00 0.00e+00]]
2022-11-23 20:15:37.049 | INFO     | inference:make_predict:106 - predicts: [0]
2022-11-23 20:15:37.049 | INFO     | inference:make_predict:106 - predicts: [0]
2022-11-23 20:15:37.054 | INFO     | inference:make_predict:102 - [[ 69.    0.    0.  140.  239.    0.    0.  151.    0.    1.8   0.    2.
    0. ]]
2022-11-23 20:15:37.054 | INFO     | inference:make_predict:102 - [[ 69.    0.    0.  140.  239.    0.    0.  151.    0.    1.8   0.    2.
    0. ]]
2022-11-23 20:15:37.055 | INFO     | inference:make_predict:106 - predicts: [0]
2022-11-23 20:15:37.055 | INFO     | inference:make_predict:106 - predicts: [0]
2022-11-23 20:15:37.060 | INFO     | inference:make_predict:102 - [[ 66.    0.    0.  150.  226.    0.    0.  114.    0.    2.6   2.    0.
    0. ]]
2022-11-23 20:15:37.060 | INFO     | inference:make_predict:102 - [[ 66.    0.    0.  150.  226.    0.    0.  114.    0.    2.6   2.    0.
    0. ]]
2022-11-23 20:15:37.060 | INFO     | inference:make_predict:106 - predicts: [0]
2022-11-23 20:15:37.060 | INFO     | inference:make_predict:106 - predicts: [0]
2022-11-23 20:15:37.065 | INFO     | inference:make_predict:102 - [[ 65.    1.    0.  138.  282.    1.    2.  174.    0.    1.4   1.    1.
    0. ]]
2022-11-23 20:15:37.065 | INFO     | inference:make_predict:102 - [[ 65.    1.    0.  138.  282.    1.    2.  174.    0.    1.4   1.    1.
    0. ]]
2022-11-23 20:15:37.065 | INFO     | inference:make_predict:106 - predicts: [0]
2022-11-23 20:15:37.065 | INFO     | inference:make_predict:106 - predicts: [0]
2022-11-23 20:15:37.069 | INFO     | inference:make_predict:102 - [[ 64.    1.    0.  110.  211.    0.    2.  144.    1.    1.8   1.    0.
    0. ]]
2022-11-23 20:15:37.069 | INFO     | inference:make_predict:102 - [[ 64.    1.    0.  110.  211.    0.    2.  144.    1.    1.8   1.    0.
    0. ]]
2022-11-23 20:15:37.070 | INFO     | inference:make_predict:106 - predicts: [0]
2022-11-23 20:15:37.070 | INFO     | inference:make_predict:106 - predicts: [0]
2022-11-23 20:15:37.073 | INFO     | inference:make_predict:102 - [[ 64.    1.    0.  170.  227.    0.    2.  155.    0.    0.6   1.    0.
    2. ]]
2022-11-23 20:15:37.073 | INFO     | inference:make_predict:102 - [[ 64.    1.    0.  170.  227.    0.    2.  155.    0.    0.6   1.    0.
    2. ]]
2022-11-23 20:15:37.074 | INFO     | inference:make_predict:106 - predicts: [0]
2022-11-23 20:15:37.074 | INFO     | inference:make_predict:106 - predicts: [0]
2022-11-23 20:15:37.077 | INFO     | inference:make_predict:102 - [[ 63.    1.    0.  145.  233.    1.    2.  150.    0.    2.3   2.    0.
    1. ]]
2022-11-23 20:15:37.077 | INFO     | inference:make_predict:102 - [[ 63.    1.    0.  145.  233.    1.    2.  150.    0.    2.3   2.    0.
    1. ]]
2022-11-23 20:15:37.078 | INFO     | inference:make_predict:106 - predicts: [0]
2022-11-23 20:15:37.078 | INFO     | inference:make_predict:106 - predicts: [0]
2022-11-23 20:15:37.082 | INFO     | inference:make_predict:102 - [[ 61.    1.    0.  134.  234.    0.    0.  145.    0.    2.6   1.    2.
    0. ]]
2022-11-23 20:15:37.082 | INFO     | inference:make_predict:102 - [[ 61.    1.    0.  134.  234.    0.    0.  145.    0.    2.6   1.    2.
    0. ]]
2022-11-23 20:15:37.082 | INFO     | inference:make_predict:106 - predicts: [1]
2022-11-23 20:15:37.082 | INFO     | inference:make_predict:106 - predicts: [1]
2022-11-23 20:15:37.086 | INFO     | inference:make_predict:102 - [[ 60.    0.    0.  150.  240.    0.    0.  171.    0.    0.9   0.    0.
    0. ]]
2022-11-23 20:15:37.086 | INFO     | inference:make_predict:102 - [[ 60.    0.    0.  150.  240.    0.    0.  171.    0.    0.9   0.    0.
    0. ]]
2022-11-23 20:15:37.087 | INFO     | inference:make_predict:106 - predicts: [0]
2022-11-23 20:15:37.087 | INFO     | inference:make_predict:106 - predicts: [0]
2022-11-23 20:15:37.090 | INFO     | inference:make_predict:102 - [[ 59.    1.    0.  178.  270.    0.    2.  145.    0.    4.2   2.    0.
    2. ]]
2022-11-23 20:15:37.090 | INFO     | inference:make_predict:102 - [[ 59.    1.    0.  178.  270.    0.    2.  145.    0.    4.2   2.    0.
    2. ]]
2022-11-23 20:15:37.091 | INFO     | inference:make_predict:106 - predicts: [1]
2022-11-23 20:15:37.091 | INFO     | inference:make_predict:106 - predicts: [1]
